[0721/135252.557:ERROR:process_reader_win.cc(242)] ReadMemory at 0x766b69e000 of 73728 bytes failed: 僅完成部分的 ReadProcessMemory 或 WriteProcessMemory 要求。 (0x12B)
[0721/135252.557:ERROR:crash_report_exception_handler.cc(111)] WriteEverything failed
[0721/135252.558:ERROR:filesystem_win.cc(148)] DeleteFile C:\Users\kemus\AppData\Local\Google\Chrome\User Data\Crashpad\reports\8f6630bc-d402-408d-a180-9ad1009fbc33.dmp: 程序無法存取檔案，因為檔案正由另一個程序使用。 (0x20)
[0721/135252.559:ERROR:scoped_process_suspend.cc(40)] NtResumeProcess: 嘗試存取現有的處理程序。 (0xc000010a)
[0722/231537.672:ERROR:process_reader_win.cc(242)] ReadMemory at 0x7f8a034c000 of 56 bytes failed: 僅完成部分的 ReadProcessMemory 或 WriteProcessMemory 要求。 (0x12B)
[0722/231538.328:WARNING:pe_image_reader.cc(100)] could not read crashpad info from C:\Program Files (x86)\Google\Chrome\Application\67.0.3396.99\chrome_elf.dll
[0722/231538.328:ERROR:process_reader_win.cc(242)] ReadMemory at 0x7f8c3500000 of 64 bytes failed: 僅完成部分的 ReadProcessMemory 或 WriteProcessMemory 要求。 (0x12B)
[0722/231538.328:WARNING:pe_image_reader.cc(302)] could not read dos header from C:\Windows\system32\ADVAPI32.dll
[0722/231538.328:ERROR:process_reader_win.cc(242)] ReadMemory at 0x7f8c2b90000 of 64 bytes failed: 僅完成部分的 ReadProcessMemory 或 WriteProcessMemory 要求。 (0x12B)
[0722/231538.328:WARNING:pe_image_reader.cc(302)] could not read dos header from C:\Windows\system32\PSAPI.DLL
[0722/231538.328:ERROR:process_reader_win.cc(242)] ReadMemory at 0x7f8c13a0000 of 64 bytes failed: 僅完成部分的 ReadProcessMemory 或 WriteProcessMemory 要求。 (0x12B)
[0722/231538.328:WARNING:pe_image_reader.cc(302)] could not read dos header from C:\Windows\system32\SHELL32.dll
[0722/231538.328:ERROR:process_reader_win.cc(242)] ReadMemory at 0x7f8c1270000 of 64 bytes failed: 僅完成部分的 ReadProcessMemory 或 WriteProcessMemory 要求。 (0x12B)
[0722/231538.328:WARNING:pe_image_reader.cc(302)] could not read dos header from C:\Windows\system32\SHLWAPI.dll
[0722/231538.328:ERROR:process_reader_win.cc(242)] ReadMemory at 0x7f8c3140000 of 64 bytes failed: 僅完成部分的 ReadProcessMemory 或 WriteProcessMemory 要求。 (0x12B)
[0722/231538.328:WARNING:pe_image_reader.cc(302)] could not read dos header from C:\Windows\system32\USER32.dll
[0722/231538.328:ERROR:process_reader_win.cc(242)] ReadMemory at 0x7f8beb60000 of 64 bytes failed: 僅完成部分的 ReadProcessMemory 或 WriteProcessMemory 要求。 (0x12B)
[0722/231538.328:WARNING:pe_image_reader.cc(302)] could not read dos header from C:\Windows\SYSTEM32\VERSION.dll
[0722/231538.328:ERROR:process_reader_win.cc(242)] ReadMemory at 0x7f8be970000 of 64 bytes failed: 僅完成部分的 ReadProcessMemory 或 WriteProcessMemory 要求。 (0x12B)
[0722/231538.328:WARNING:pe_image_reader.cc(302)] could not read dos header from C:\Windows\SYSTEM32\WINMM.dll
[0722/231538.328:ERROR:process_reader_win.cc(242)] ReadMemory at 0x7f8c0f20000 of 64 bytes failed: 僅完成部分的 ReadProcessMemory 或 WriteProcessMemory 要求。 (0x12B)
[0722/231538.328:WARNING:pe_image_reader.cc(302)] could not read dos header from C:\Windows\system32\USERENV.dll
[0722/231538.328:ERROR:process_reader_win.cc(242)] ReadMemory at 0x7f8b8aa0000 of 64 bytes failed: 僅完成部分的 ReadProcessMemory 或 WriteProcessMemory 要求。 (0x12B)
[0722/231538.328:WARNING:pe_image_reader.cc(302)] could not read dos header from C:\Windows\SYSTEM32\WINHTTP.dll
[0722/231538.328:ERROR:process_reader_win.cc(242)] ReadMemory at 0x7f8c3b10000 of 64 bytes failed: 僅完成部分的 ReadProcessMemory 或 WriteProcessMemory 要求。 (0x12B)
[0722/231538.328:WARNING:pe_image_reader.cc(302)] could not read dos header from C:\Windows\system32\msvcrt.dll
[0722/231538.328:ERROR:process_reader_win.cc(242)] ReadMemory at 0x7f8c3a00000 of 64 bytes failed: 僅完成部分的 ReadProcessMemory 或 WriteProcessMemory 要求。 (0x12B)
[0722/231538.328:WARNING:pe_image_reader.cc(302)] could not read dos header from C:\Windows\SYSTEM32\sechost.dll
[0722/231538.328:ERROR:process_reader_win.cc(242)] ReadMemory at 0x7f8c38b0000 of 64 bytes failed: 僅完成部分的 ReadProcessMemory 或 WriteProcessMemory 要求。 (0x12B)
[0722/231538.328:WARNING:pe_image_reader.cc(302)] could not read dos header from C:\Windows\system32\RPCRT4.dll
[0722/231538.328:ERROR:process_reader_win.cc(242)] ReadMemory at 0x7f8c29e0000 of 64 bytes failed: 僅完成部分的 ReadProcessMemory 或 WriteProcessMemory 要求。 (0x12B)
[0722/231538.328:WARNING:pe_image_reader.cc(302)] could not read dos header from C:\Windows\SYSTEM32\combase.dll
[0722/231538.328:ERROR:process_reader_win.cc(242)] ReadMemory at 0x942930000 of 64 bytes failed: 僅完成部分的 ReadProcessMemory 或 WriteProcessMemory 要求。 (0x12B)
[0722/231538.328:WARNING:pe_image_reader.cc(302)] could not read dos header from C:\Windows\system32\GDI32.dll
[0722/231538.328:ERROR:process_reader_win.cc(242)] ReadMemory at 0x7f8bdc90000 of 64 bytes failed: 僅完成部分的 ReadProcessMemory 或 WriteProcessMemory 要求。 (0x12B)
[0722/231538.328:WARNING:pe_image_reader.cc(302)] could not read dos header from C:\Windows\SYSTEM32\WINMMBASE.dll
[0722/231538.328:ERROR:process_reader_win.cc(242)] ReadMemory at 0x7f8c0b90000 of 64 bytes failed: 僅完成部分的 ReadProcessMemory 或 WriteProcessMemory 要求。 (0x12B)
[0722/231538.328:WARNING:pe_image_reader.cc(302)] could not read dos header from C:\Windows\system32\profapi.dll
[0722/231538.328:ERROR:process_reader_win.cc(242)] ReadMemory at 0x7f8c0ed0000 of 64 bytes failed: 僅完成部分的 ReadProcessMemory 或 WriteProcessMemory 要求。 (0x12B)
[0722/231538.329:WARNING:pe_image_reader.cc(302)] could not read dos header from C:\Windows\SYSTEM32\cfgmgr32.dll
[0722/231538.329:ERROR:process_reader_win.cc(242)] ReadMemory at 0x7f8c0bb0000 of 64 bytes failed: 僅完成部分的 ReadProcessMemory 或 WriteProcessMemory 要求。 (0x12B)
[0722/231538.329:WARNING:pe_image_reader.cc(302)] could not read dos header from C:\Windows\system32\DEVOBJ.dll
[0722/231538.329:ERROR:process_reader_win.cc(242)] ReadMemory at 0x7f8c3870000 of 64 bytes failed: 僅完成部分的 ReadProcessMemory 或 WriteProcessMemory 要求。 (0x12B)
[0722/231538.329:WARNING:pe_image_reader.cc(302)] could not read dos header from C:\Windows\system32\IMM32.DLL
[0722/231538.329:ERROR:process_reader_win.cc(242)] ReadMemory at 0x7f8c33e0000 of 64 bytes failed: 僅完成部分的 ReadProcessMemory 或 WriteProcessMemory 要求。 (0x12B)
[0722/231538.329:WARNING:pe_image_reader.cc(302)] could not read dos header from C:\Windows\system32\MSCTF.dll
[0722/231538.329:ERROR:process_reader_win.cc(242)] ReadMemory at 0x7f8bfce0000 of 64 bytes failed: 僅完成部分的 ReadProcessMemory 或 WriteProcessMemory 要求。 (0x12B)
[0722/231538.329:WARNING:pe_image_reader.cc(302)] could not read dos header from C:\Windows\SYSTEM32\shcore.dll
[0722/231538.329:ERROR:process_reader_win.cc(242)] ReadMemory at 0x7f890a60000 of 64 bytes failed: 僅完成部分的 ReadProcessMemory 或 WriteProcessMemory 要求。 (0x12B)
[0722/231538.329:WARNING:pe_image_reader.cc(302)] could not read dos header from C:\Program Files (x86)\Google\Chrome\Application\67.0.3396.99\chrome_child.dll
[0722/231538.329:ERROR:process_reader_win.cc(242)] ReadMemory at 0x7f8c3a60000 of 64 bytes failed: 僅完成部分的 ReadProcessMemory 或 WriteProcessMemory 要求。 (0x12B)
[0722/231538.329:WARNING:pe_image_reader.cc(302)] could not read dos header from C:\Windows\system32\COMDLG32.dll
[0722/231538.329:ERROR:process_reader_win.cc(242)] ReadMemory at 0x7f8c12c0000 of 64 bytes failed: 僅完成部分的 ReadProcessMemory 或 WriteProcessMemory 要求。 (0x12B)
[0722/231538.329:WARNING:pe_image_reader.cc(302)] could not read dos header from C:\Windows\system32\OLEAUT32.dll
[0722/231538.329:ERROR:process_reader_win.cc(242)] ReadMemory at 0x7f8c1040000 of 64 bytes failed: 僅完成部分的 ReadProcessMemory 或 WriteProcessMemory 要求。 (0x12B)
[0722/231538.329:WARNING:pe_image_reader.cc(302)] could not read dos header from C:\Windows\system32\WS2_32.dll
[0722/231538.329:ERROR:process_reader_win.cc(242)] ReadMemory at 0x7f8c2800000 of 64 bytes failed: 僅完成部分的 ReadProcessMemory 或 WriteProcessMemory 要求。 (0x12B)
[0722/231538.329:WARNING:pe_image_reader.cc(302)] could not read dos header from C:\Windows\system32\ole32.dll
[0722/231538.329:ERROR:process_reader_win.cc(242)] ReadMemory at 0x7f8beb00000 of 64 bytes failed: 僅完成部分的 ReadProcessMemory 或 WriteProcessMemory 要求。 (0x12B)
[0722/231538.329:WARNING:pe_image_reader.cc(302)] could not read dos header from C:\Windows\SYSTEM32\Secur32.dll
[0722/231538.329:ERROR:process_reader_win.cc(242)] ReadMemory at 0x7f8c0be0000 of 64 bytes failed: 僅完成部分的 ReadProcessMemory 或 WriteProcessMemory 要求。 (0x12B)
[0722/231538.329:WARNING:pe_image_reader.cc(302)] could not read dos header from C:\Windows\system32\WINTRUST.dll
[0722/231538.329:ERROR:process_reader_win.cc(242)] ReadMemory at 0x7f8b9300000 of 64 bytes failed: 僅完成部分的 ReadProcessMemory 或 WriteProcessMemory 要求。 (0x12B)
[0722/231538.329:WARNING:pe_image_reader.cc(302)] could not read dos header from C:\Windows\SYSTEM32\dbghelp.dll
[0722/231538.329:ERROR:process_reader_win.cc(242)] ReadMemory at 0x7f8b56b0000 of 64 bytes failed: 僅完成部分的 ReadProcessMemory 或 WriteProcessMemory 要求。 (0x12B)
[0722/231538.329:WARNING:pe_image_reader.cc(302)] could not read dos header from C:\Windows\SYSTEM32\USP10.dll
[0722/231538.329:ERROR:process_reader_win.cc(242)] ReadMemory at 0x7f8be990000 of 64 bytes failed: 僅完成部分的 ReadProcessMemory 或 WriteProcessMemory 要求。 (0x12B)
[0722/231538.329:WARNING:pe_image_reader.cc(302)] could not read dos header from C:\Windows\SYSTEM32\WINSPOOL.DRV
[0722/231538.329:ERROR:process_reader_win.cc(242)] ReadMemory at 0x7f8c0cf0000 of 64 bytes failed: 僅完成部分的 ReadProcessMemory 或 WriteProcessMemory 要求。 (0x12B)
[0722/231538.329:WARNING:pe_image_reader.cc(302)] could not read dos header from C:\Windows\system32\CRYPT32.dll
[0722/231538.329:ERROR:process_reader_win.cc(242)] ReadMemory at 0x7f8bc6c0000 of 64 bytes failed: 僅完成部分的 ReadProcessMemory 或 WriteProcessMemory 要求。 (0x12B)
[0722/231538.329:WARNING:pe_image_reader.cc(302)] could not read dos header from C:\Windows\SYSTEM32\IPHLPAPI.DLL
[0722/231538.329:ERROR:process_reader_win.cc(242)] ReadMemory at 0x7f8c2690000 of 64 bytes failed: 僅完成部分的 ReadProcessMemory 或 WriteProcessMemory 要求。 (0x12B)
[0722/231538.329:WARNING:pe_image_reader.cc(302)] could not read dos header from C:\Windows\system32\urlmon.dll
[0722/231538.329:ERROR:process_reader_win.cc(242)] ReadMemory at 0x7f8bbac0000 of 64 bytes failed: 僅完成部分的 ReadProcessMemory 或 WriteProcessMemory 要求。 (0x12B)
[0722/231538.329:WARNING:pe_image_reader.cc(302)] could not read dos header from C:\Windows\SYSTEM32\DWrite.dll
[0722/231538.329:ERROR:process_reader_win.cc(242)] ReadMemory at 0x7f8bdbb0000 of 64 bytes failed: 僅完成部分的 ReadProcessMemory 或 WriteProcessMemory 要求。 (0x12B)
[0722/231538.329:WARNING:pe_image_reader.cc(302)] could not read dos header from C:\Windows\SYSTEM32\dxgi.dll
[0722/231538.329:ERROR:process_reader_win.cc(242)] ReadMemory at 0x7f8bc200000 of 64 bytes failed: 僅完成部分的 ReadProcessMemory 或 WriteProcessMemory 要求。 (0x12B)
[0722/231538.329:WARNING:pe_image_reader.cc(302)] could not read dos header from C:\Windows\SYSTEM32\dhcpcsvc.DLL
[0722/231538.329:ERROR:process_reader_win.cc(242)] ReadMemory at 0x7f8be010000 of 64 bytes failed: 僅完成部分的 ReadProcessMemory 或 WriteProcessMemory 要求。 (0x12B)
[0722/231538.329:WARNING:pe_image_reader.cc(302)] could not read dos header from C:\Windows\WinSxS\amd64_microsoft.windows.common-controls_6595b64144ccf1df_6.0.9200.17359_none_4188b989718cf1c6\COMCTL32.dll
[0722/231538.329:ERROR:process_reader_win.cc(242)] ReadMemory at 0x7f8c3c60000 of 64 bytes failed: 僅完成部分的 ReadProcessMemory 或 WriteProcessMemory 要求。 (0x12B)
[0722/231538.329:WARNING:pe_image_reader.cc(302)] could not read dos header from C:\Windows\system32\NSI.dll
[0722/231538.329:ERROR:process_reader_win.cc(242)] ReadMemory at 0x7f8c0b70000 of 64 bytes failed: 僅完成部分的 ReadProcessMemory 或 WriteProcessMemory 要求。 (0x12B)
[0722/231538.329:WARNING:pe_image_reader.cc(302)] could not read dos header from C:\Windows\system32\MSASN1.dll
[0722/231538.329:ERROR:process_reader_win.cc(242)] ReadMemory at 0x7f8bc690000 of 64 bytes failed: 僅完成部分的 ReadProcessMemory 或 WriteProcessMemory 要求。 (0x12B)
[0722/231538.329:WARNING:pe_image_reader.cc(302)] could not read dos header from C:\Windows\SYSTEM32\WINNSI.DLL
[0722/231538.329:ERROR:process_reader_win.cc(242)] ReadMemory at 0x7f8c35e0000 of 64 bytes failed: 僅完成部分的 ReadProcessMemory 或 WriteProcessMemory 要求。 (0x12B)
[0722/231538.329:WARNING:pe_image_reader.cc(302)] could not read dos header from C:\Windows\system32\iertutil.dll
[0722/231538.329:ERROR:process_reader_win.cc(242)] ReadMemory at 0x7f8c2f10000 of 64 bytes failed: 僅完成部分的 ReadProcessMemory 或 WriteProcessMemory 要求。 (0x12B)
[0722/231538.329:WARNING:pe_image_reader.cc(302)] could not read dos header from C:\Windows\system32\WININET.dll
[0722/231538.329:ERROR:process_reader_win.cc(242)] ReadMemory at 0x7f8c0970000 of 64 bytes failed: 僅完成部分的 ReadProcessMemory 或 WriteProcessMemory 要求。 (0x12B)
[0722/231538.329:WARNING:pe_image_reader.cc(302)] could not read dos header from C:\Windows\SYSTEM32\SSPICLI.DLL
[0722/231538.329:ERROR:process_reader_win.cc(242)] ReadMemory at 0x7f8c0a00000 of 64 bytes failed: 僅完成部分的 ReadProcessMemory 或 WriteProcessMemory 要求。 (0x12B)
[0722/231538.329:WARNING:pe_image_reader.cc(302)] could not read dos header from C:\Windows\SYSTEM32\cryptbase.dll
[0722/231538.329:ERROR:process_reader_win.cc(242)] ReadMemory at 0x7f8c09a0000 of 64 bytes failed: 僅完成部分的 ReadProcessMemory 或 WriteProcessMemory 要求。 (0x12B)
[0722/231538.329:WARNING:pe_image_reader.cc(302)] could not read dos header from C:\Windows\SYSTEM32\bcryptPrimitives.dll
[0722/231538.455:ERROR:process_reader_win.cc(242)] ReadMemory at 0x7f63bbf0000 of 64 bytes failed: 僅完成部分的 ReadProcessMemory 或 WriteProcessMemory 要求。 (0x12B)
[0722/231538.455:WARNING:pe_image_reader.cc(302)] could not read dos header from C:\Program Files (x86)\Google\Chrome\Application\chrome.exe
[0722/231538.455:ERROR:process_reader_win.cc(242)] ReadMemory at 0x7f8c3c70000 of 64 bytes failed: 僅完成部分的 ReadProcessMemory 或 WriteProcessMemory 要求。 (0x12B)
[0722/231538.455:WARNING:pe_image_reader.cc(302)] could not read dos header from C:\Windows\SYSTEM32\ntdll.dll
[0722/231538.455:ERROR:process_reader_win.cc(242)] ReadMemory at 0x7f8c2c30000 of 64 bytes failed: 僅完成部分的 ReadProcessMemory 或 WriteProcessMemory 要求。 (0x12B)
[0722/231538.455:WARNING:pe_image_reader.cc(302)] could not read dos header from C:\Windows\system32\KERNEL32.DLL
[0722/231538.455:ERROR:process_reader_win.cc(242)] ReadMemory at 0x7f8c0f40000 of 64 bytes failed: 僅完成部分的 ReadProcessMemory 或 WriteProcessMemory 要求。 (0x12B)
[0722/231538.456:WARNING:pe_image_reader.cc(302)] could not read dos header from C:\Windows\system32\KERNELBASE.dll
[0722/231538.456:ERROR:process_reader_win.cc(242)] ReadMemory at 0x7f8a02c0000 of 64 bytes failed: 僅完成部分的 ReadProcessMemory 或 WriteProcessMemory 要求。 (0x12B)
[0722/231538.456:WARNING:pe_image_reader.cc(302)] could not read dos header from C:\Program Files (x86)\Google\Chrome\Application\67.0.3396.99\chrome_elf.dll
[0722/231538.456:ERROR:process_reader_win.cc(242)] ReadMemory at 0x7f8c3500000 of 64 bytes failed: 僅完成部分的 ReadProcessMemory 或 WriteProcessMemory 要求。 (0x12B)
[0722/231538.456:WARNING:pe_image_reader.cc(302)] could not read dos header from C:\Windows\system32\ADVAPI32.dll
[0722/231538.456:ERROR:process_reader_win.cc(242)] ReadMemory at 0x7f8c2b90000 of 64 bytes failed: 僅完成部分的 ReadProcessMemory 或 WriteProcessMemory 要求。 (0x12B)
[0722/231538.456:WARNING:pe_image_reader.cc(302)] could not read dos header from C:\Windows\system32\PSAPI.DLL
[0722/231538.456:ERROR:process_reader_win.cc(242)] ReadMemory at 0x7f8c13a0000 of 64 bytes failed: 僅完成部分的 ReadProcessMemory 或 WriteProcessMemory 要求。 (0x12B)
[0722/231538.456:WARNING:pe_image_reader.cc(302)] could not read dos header from C:\Windows\system32\SHELL32.dll
[0722/231538.456:ERROR:process_reader_win.cc(242)] ReadMemory at 0x7f8c1270000 of 64 bytes failed: 僅完成部分的 ReadProcessMemory 或 WriteProcessMemory 要求。 (0x12B)
[0722/231538.456:WARNING:pe_image_reader.cc(302)] could not read dos header from C:\Windows\system32\SHLWAPI.dll
[0722/231538.456:ERROR:process_reader_win.cc(242)] ReadMemory at 0x7f8c3140000 of 64 bytes failed: 僅完成部分的 ReadProcessMemory 或 WriteProcessMemory 要求。 (0x12B)
[0722/231538.456:WARNING:pe_image_reader.cc(302)] could not read dos header from C:\Windows\system32\USER32.dll
[0722/231538.456:ERROR:process_reader_win.cc(242)] ReadMemory at 0x7f8beb60000 of 64 bytes failed: 僅完成部分的 ReadProcessMemory 或 WriteProcessMemory 要求。 (0x12B)
[0722/231538.456:WARNING:pe_image_reader.cc(302)] could not read dos header from C:\Windows\SYSTEM32\VERSION.dll
[0722/231538.456:ERROR:process_reader_win.cc(242)] ReadMemory at 0x7f8be970000 of 64 bytes failed: 僅完成部分的 ReadProcessMemory 或 WriteProcessMemory 要求。 (0x12B)
[0722/231538.456:WARNING:pe_image_reader.cc(302)] could not read dos header from C:\Windows\SYSTEM32\WINMM.dll
[0722/231538.456:ERROR:process_reader_win.cc(242)] ReadMemory at 0x7f8c0f20000 of 64 bytes failed: 僅完成部分的 ReadProcessMemory 或 WriteProcessMemory 要求。 (0x12B)
[0722/231538.456:WARNING:pe_image_reader.cc(302)] could not read dos header from C:\Windows\system32\USERENV.dll
[0722/231538.456:ERROR:process_reader_win.cc(242)] ReadMemory at 0x7f8b8aa0000 of 64 bytes failed: 僅完成部分的 ReadProcessMemory 或 WriteProcessMemory 要求。 (0x12B)
[0722/231538.456:WARNING:pe_image_reader.cc(302)] could not read dos header from C:\Windows\SYSTEM32\WINHTTP.dll
[0722/231538.456:ERROR:process_reader_win.cc(242)] ReadMemory at 0x7f8c3b10000 of 64 bytes failed: 僅完成部分的 ReadProcessMemory 或 WriteProcessMemory 要求。 (0x12B)
[0722/231538.456:WARNING:pe_image_reader.cc(302)] could not read dos header from C:\Windows\system32\msvcrt.dll
[0722/231538.456:ERROR:process_reader_win.cc(242)] ReadMemory at 0x7f8c3a00000 of 64 bytes failed: 僅完成部分的 ReadProcessMemory 或 WriteProcessMemory 要求。 (0x12B)
[0722/231538.456:WARNING:pe_image_reader.cc(302)] could not read dos header from C:\Windows\SYSTEM32\sechost.dll
[0722/231538.456:ERROR:process_reader_win.cc(242)] ReadMemory at 0x7f8c38b0000 of 64 bytes failed: 僅完成部分的 ReadProcessMemory 或 WriteProcessMemory 要求。 (0x12B)
[0722/231538.456:WARNING:pe_image_reader.cc(302)] could not read dos header from C:\Windows\system32\RPCRT4.dll
[0722/231538.456:ERROR:process_reader_win.cc(242)] ReadMemory at 0x7f8c29e0000 of 64 bytes failed: 僅完成部分的 ReadProcessMemory 或 WriteProcessMemory 要求。 (0x12B)
[0722/231538.456:WARNING:pe_image_reader.cc(302)] could not read dos header from C:\Windows\SYSTEM32\combase.dll
[0722/231538.456:ERROR:process_reader_win.cc(242)] ReadMemory at 0x942930000 of 64 bytes failed: 僅完成部分的 ReadProcessMemory 或 WriteProcessMemory 要求。 (0x12B)
[0722/231538.456:WARNING:pe_image_reader.cc(302)] could not read dos header from C:\Windows\system32\GDI32.dll
[0722/231538.456:ERROR:process_reader_win.cc(242)] ReadMemory at 0x7f8bdc90000 of 64 bytes failed: 僅完成部分的 ReadProcessMemory 或 WriteProcessMemory 要求。 (0x12B)
[0722/231538.456:WARNING:pe_image_reader.cc(302)] could not read dos header from C:\Windows\SYSTEM32\WINMMBASE.dll
[0722/231538.456:ERROR:process_reader_win.cc(242)] ReadMemory at 0x7f8c0b90000 of 64 bytes failed: 僅完成部分的 ReadProcessMemory 或 WriteProcessMemory 要求。 (0x12B)
[0722/231538.456:WARNING:pe_image_reader.cc(302)] could not read dos header from C:\Windows\system32\profapi.dll
[0722/231538.456:ERROR:process_reader_win.cc(242)] ReadMemory at 0x7f8c0ed0000 of 64 bytes failed: 僅完成部分的 ReadProcessMemory 或 WriteProcessMemory 要求。 (0x12B)
[0722/231538.456:WARNING:pe_image_reader.cc(302)] could not read dos header from C:\Windows\SYSTEM32\cfgmgr32.dll
[0722/231538.456:ERROR:process_reader_win.cc(242)] ReadMemory at 0x7f8c0bb0000 of 64 bytes failed: 僅完成部分的 ReadProcessMemory 或 WriteProcessMemory 要求。 (0x12B)
[0722/231538.456:WARNING:pe_image_reader.cc(302)] could not read dos header from C:\Windows\system32\DEVOBJ.dll
[0722/231538.456:ERROR:process_reader_win.cc(242)] ReadMemory at 0x7f8c3870000 of 64 bytes failed: 僅完成部分的 ReadProcessMemory 或 WriteProcessMemory 要求。 (0x12B)
[0722/231538.456:WARNING:pe_image_reader.cc(302)] could not read dos header from C:\Windows\system32\IMM32.DLL
[0722/231538.456:ERROR:process_reader_win.cc(242)] ReadMemory at 0x7f8c33e0000 of 64 bytes failed: 僅完成部分的 ReadProcessMemory 或 WriteProcessMemory 要求。 (0x12B)
[0722/231538.456:WARNING:pe_image_reader.cc(302)] could not read dos header from C:\Windows\system32\MSCTF.dll
[0722/231538.456:ERROR:process_reader_win.cc(242)] ReadMemory at 0x7f8bfce0000 of 64 bytes failed: 僅完成部分的 ReadProcessMemory 或 WriteProcessMemory 要求。 (0x12B)
[0722/231538.456:WARNING:pe_image_reader.cc(302)] could not read dos header from C:\Windows\SYSTEM32\shcore.dll
[0722/231538.456:ERROR:process_reader_win.cc(242)] ReadMemory at 0x7f890a60000 of 64 bytes failed: 僅完成部分的 ReadProcessMemory 或 WriteProcessMemory 要求。 (0x12B)
[0722/231538.456:WARNING:pe_image_reader.cc(302)] could not read dos header from C:\Program Files (x86)\Google\Chrome\Application\67.0.3396.99\chrome_child.dll
[0722/231538.456:ERROR:process_reader_win.cc(242)] ReadMemory at 0x7f8c3a60000 of 64 bytes failed: 僅完成部分的 ReadProcessMemory 或 WriteProcessMemory 要求。 (0x12B)
[0722/231538.456:WARNING:pe_image_reader.cc(302)] could not read dos header from C:\Windows\system32\COMDLG32.dll
[0722/231538.456:ERROR:process_reader_win.cc(242)] ReadMemory at 0x7f8c12c0000 of 64 bytes failed: 僅完成部分的 ReadProcessMemory 或 WriteProcessMemory 要求。 (0x12B)
[0722/231538.456:WARNING:pe_image_reader.cc(302)] could not read dos header from C:\Windows\system32\OLEAUT32.dll
[0722/231538.456:ERROR:process_reader_win.cc(242)] ReadMemory at 0x7f8c1040000 of 64 bytes failed: 僅完成部分的 ReadProcessMemory 或 WriteProcessMemory 要求。 (0x12B)
[0722/231538.456:WARNING:pe_image_reader.cc(302)] could not read dos header from C:\Windows\system32\WS2_32.dll
[0722/231538.456:ERROR:process_reader_win.cc(242)] ReadMemory at 0x7f8c2800000 of 64 bytes failed: 僅完成部分的 ReadProcessMemory 或 WriteProcessMemory 要求。 (0x12B)
[0722/231538.456:WARNING:pe_image_reader.cc(302)] could not read dos header from C:\Windows\system32\ole32.dll
[0722/231538.456:ERROR:process_reader_win.cc(242)] ReadMemory at 0x7f8beb00000 of 64 bytes failed: 僅完成部分的 ReadProcessMemory 或 WriteProcessMemory 要求。 (0x12B)
[0722/231538.456:WARNING:pe_image_reader.cc(302)] could not read dos header from C:\Windows\SYSTEM32\Secur32.dll
[0722/231538.456:ERROR:process_reader_win.cc(242)] ReadMemory at 0x7f8c0be0000 of 64 bytes failed: 僅完成部分的 ReadProcessMemory 或 WriteProcessMemory 要求。 (0x12B)
[0722/231538.456:WARNING:pe_image_reader.cc(302)] could not read dos header from C:\Windows\system32\WINTRUST.dll
[0722/231538.456:ERROR:process_reader_win.cc(242)] ReadMemory at 0x7f8b9300000 of 64 bytes failed: 僅完成部分的 ReadProcessMemory 或 WriteProcessMemory 要求。 (0x12B)
[0722/231538.456:WARNING:pe_image_reader.cc(302)] could not read dos header from C:\Windows\SYSTEM32\dbghelp.dll
[0722/231538.456:ERROR:process_reader_win.cc(242)] ReadMemory at 0x7f8b56b0000 of 64 bytes failed: 僅完成部分的 ReadProcessMemory 或 WriteProcessMemory 要求。 (0x12B)
[0722/231538.456:WARNING:pe_image_reader.cc(302)] could not read dos header from C:\Windows\SYSTEM32\USP10.dll
[0722/231538.456:ERROR:process_reader_win.cc(242)] ReadMemory at 0x7f8be990000 of 64 bytes failed: 僅完成部分的 ReadProcessMemory 或 WriteProcessMemory 要求。 (0x12B)
[0722/231538.456:WARNING:pe_image_reader.cc(302)] could not read dos header from C:\Windows\SYSTEM32\WINSPOOL.DRV
[0722/231538.456:ERROR:process_reader_win.cc(242)] ReadMemory at 0x7f8c0cf0000 of 64 bytes failed: 僅完成部分的 ReadProcessMemory 或 WriteProcessMemory 要求。 (0x12B)
[0722/231538.457:WARNING:pe_image_reader.cc(302)] could not read dos header from C:\Windows\system32\CRYPT32.dll
[0722/231538.457:ERROR:process_reader_win.cc(242)] ReadMemory at 0x7f8bc6c0000 of 64 bytes failed: 僅完成部分的 ReadProcessMemory 或 WriteProcessMemory 要求。 (0x12B)
[0722/231538.457:WARNING:pe_image_reader.cc(302)] could not read dos header from C:\Windows\SYSTEM32\IPHLPAPI.DLL
[0722/231538.457:ERROR:process_reader_win.cc(242)] ReadMemory at 0x7f8c2690000 of 64 bytes failed: 僅完成部分的 ReadProcessMemory 或 WriteProcessMemory 要求。 (0x12B)
[0722/231538.457:WARNING:pe_image_reader.cc(302)] could not read dos header from C:\Windows\system32\urlmon.dll
[0722/231538.457:ERROR:process_reader_win.cc(242)] ReadMemory at 0x7f8bbac0000 of 64 bytes failed: 僅完成部分的 ReadProcessMemory 或 WriteProcessMemory 要求。 (0x12B)
[0722/231538.457:WARNING:pe_image_reader.cc(302)] could not read dos header from C:\Windows\SYSTEM32\DWrite.dll
[0722/231538.457:ERROR:process_reader_win.cc(242)] ReadMemory at 0x7f8bdbb0000 of 64 bytes failed: 僅完成部分的 ReadProcessMemory 或 WriteProcessMemory 要求。 (0x12B)
[0722/231538.457:WARNING:pe_image_reader.cc(302)] could not read dos header from C:\Windows\SYSTEM32\dxgi.dll
[0722/231538.457:ERROR:process_reader_win.cc(242)] ReadMemory at 0x7f8bc200000 of 64 bytes failed: 僅完成部分的 ReadProcessMemory 或 WriteProcessMemory 要求。 (0x12B)
[0722/231538.457:WARNING:pe_image_reader.cc(302)] could not read dos header from C:\Windows\SYSTEM32\dhcpcsvc.DLL
[0722/231538.457:ERROR:process_reader_win.cc(242)] ReadMemory at 0x7f8be010000 of 64 bytes failed: 僅完成部分的 ReadProcessMemory 或 WriteProcessMemory 要求。 (0x12B)
[0722/231538.457:WARNING:pe_image_reader.cc(302)] could not read dos header from C:\Windows\WinSxS\amd64_microsoft.windows.common-controls_6595b64144ccf1df_6.0.9200.17359_none_4188b989718cf1c6\COMCTL32.dll
[0722/231538.457:ERROR:process_reader_win.cc(242)] ReadMemory at 0x7f8c3c60000 of 64 bytes failed: 僅完成部分的 ReadProcessMemory 或 WriteProcessMemory 要求。 (0x12B)
[0722/231538.457:WARNING:pe_image_reader.cc(302)] could not read dos header from C:\Windows\system32\NSI.dll
[0722/231538.457:ERROR:process_reader_win.cc(242)] ReadMemory at 0x7f8c0b70000 of 64 bytes failed: 僅完成部分的 ReadProcessMemory 或 WriteProcessMemory 要求。 (0x12B)
[0722/231538.457:WARNING:pe_image_reader.cc(302)] could not read dos header from C:\Windows\system32\MSASN1.dll
[0722/231538.457:ERROR:process_reader_win.cc(242)] ReadMemory at 0x7f8bc690000 of 64 bytes failed: 僅完成部分的 ReadProcessMemory 或 WriteProcessMemory 要求。 (0x12B)
[0722/231538.457:WARNING:pe_image_reader.cc(302)] could not read dos header from C:\Windows\SYSTEM32\WINNSI.DLL
[0722/231538.457:ERROR:process_reader_win.cc(242)] ReadMemory at 0x7f8c35e0000 of 64 bytes failed: 僅完成部分的 ReadProcessMemory 或 WriteProcessMemory 要求。 (0x12B)
[0722/231538.457:WARNING:pe_image_reader.cc(302)] could not read dos header from C:\Windows\system32\iertutil.dll
[0722/231538.457:ERROR:process_reader_win.cc(242)] ReadMemory at 0x7f8c2f10000 of 64 bytes failed: 僅完成部分的 ReadProcessMemory 或 WriteProcessMemory 要求。 (0x12B)
[0722/231538.457:WARNING:pe_image_reader.cc(302)] could not read dos header from C:\Windows\system32\WININET.dll
[0722/231538.457:ERROR:process_reader_win.cc(242)] ReadMemory at 0x7f8c0970000 of 64 bytes failed: 僅完成部分的 ReadProcessMemory 或 WriteProcessMemory 要求。 (0x12B)
[0722/231538.457:WARNING:pe_image_reader.cc(302)] could not read dos header from C:\Windows\SYSTEM32\SSPICLI.DLL
[0722/231538.457:ERROR:process_reader_win.cc(242)] ReadMemory at 0x7f8c0a00000 of 64 bytes failed: 僅完成部分的 ReadProcessMemory 或 WriteProcessMemory 要求。 (0x12B)
[0722/231538.457:WARNING:pe_image_reader.cc(302)] could not read dos header from C:\Windows\SYSTEM32\cryptbase.dll
[0722/231538.457:ERROR:process_reader_win.cc(242)] ReadMemory at 0x7f8c09a0000 of 64 bytes failed: 僅完成部分的 ReadProcessMemory 或 WriteProcessMemory 要求。 (0x12B)
[0722/231538.457:WARNING:pe_image_reader.cc(302)] could not read dos header from C:\Windows\SYSTEM32\bcryptPrimitives.dll
[0722/231539.221:ERROR:process_reader_win.cc(242)] ReadMemory at 0x7f63bbf0000 of 64 bytes failed: 僅完成部分的 ReadProcessMemory 或 WriteProcessMemory 要求。 (0x12B)
[0722/231539.221:WARNING:pe_image_reader.cc(302)] could not read dos header from C:\Program Files (x86)\Google\Chrome\Application\chrome.exe
[0722/231539.221:ERROR:process_reader_win.cc(242)] ReadMemory at 0x7f8c3c70000 of 64 bytes failed: 僅完成部分的 ReadProcessMemory 或 WriteProcessMemory 要求。 (0x12B)
[0722/231539.221:WARNING:pe_image_reader.cc(302)] could not read dos header from C:\Windows\SYSTEM32\ntdll.dll
[0722/231539.221:ERROR:process_reader_win.cc(242)] ReadMemory at 0x7f8c2c30000 of 64 bytes failed: 僅完成部分的 ReadProcessMemory 或 WriteProcessMemory 要求。 (0x12B)
[0722/231539.221:WARNING:pe_image_reader.cc(302)] could not read dos header from C:\Windows\system32\KERNEL32.DLL
[0722/231539.221:ERROR:process_reader_win.cc(242)] ReadMemory at 0x7f8c0f40000 of 64 bytes failed: 僅完成部分的 ReadProcessMemory 或 WriteProcessMemory 要求。 (0x12B)
[0722/231539.221:WARNING:pe_image_reader.cc(302)] could not read dos header from C:\Windows\system32\KERNELBASE.dll
[0722/231539.221:ERROR:process_reader_win.cc(242)] ReadMemory at 0x7f8a02c0000 of 64 bytes failed: 僅完成部分的 ReadProcessMemory 或 WriteProcessMemory 要求。 (0x12B)
[0722/231539.221:WARNING:pe_image_reader.cc(302)] could not read dos header from C:\Program Files (x86)\Google\Chrome\Application\67.0.3396.99\chrome_elf.dll
[0722/231539.221:ERROR:process_reader_win.cc(242)] ReadMemory at 0x7f8c3500000 of 64 bytes failed: 僅完成部分的 ReadProcessMemory 或 WriteProcessMemory 要求。 (0x12B)
[0722/231539.221:WARNING:pe_image_reader.cc(302)] could not read dos header from C:\Windows\system32\ADVAPI32.dll
[0722/231539.221:ERROR:process_reader_win.cc(242)] ReadMemory at 0x7f8c2b90000 of 64 bytes failed: 僅完成部分的 ReadProcessMemory 或 WriteProcessMemory 要求。 (0x12B)
[0722/231539.221:WARNING:pe_image_reader.cc(302)] could not read dos header from C:\Windows\system32\PSAPI.DLL
[0722/231539.221:ERROR:process_reader_win.cc(242)] ReadMemory at 0x7f8c13a0000 of 64 bytes failed: 僅完成部分的 ReadProcessMemory 或 WriteProcessMemory 要求。 (0x12B)
[0722/231539.221:WARNING:pe_image_reader.cc(302)] could not read dos header from C:\Windows\system32\SHELL32.dll
[0722/231539.221:ERROR:process_reader_win.cc(242)] ReadMemory at 0x7f8c1270000 of 64 bytes failed: 僅完成部分的 ReadProcessMemory 或 WriteProcessMemory 要求。 (0x12B)
[0722/231539.221:WARNING:pe_image_reader.cc(302)] could not read dos header from C:\Windows\system32\SHLWAPI.dll
[0722/231539.221:ERROR:process_reader_win.cc(242)] ReadMemory at 0x7f8c3140000 of 64 bytes failed: 僅完成部分的 ReadProcessMemory 或 WriteProcessMemory 要求。 (0x12B)
[0722/231539.221:WARNING:pe_image_reader.cc(302)] could not read dos header from C:\Windows\system32\USER32.dll
[0722/231539.221:ERROR:process_reader_win.cc(242)] ReadMemory at 0x7f8beb60000 of 64 bytes failed: 僅完成部分的 ReadProcessMemory 或 WriteProcessMemory 要求。 (0x12B)
[0722/231539.221:WARNING:pe_image_reader.cc(302)] could not read dos header from C:\Windows\SYSTEM32\VERSION.dll
[0722/231539.221:ERROR:process_reader_win.cc(242)] ReadMemory at 0x7f8be970000 of 64 bytes failed: 僅完成部分的 ReadProcessMemory 或 WriteProcessMemory 要求。 (0x12B)
[0722/231539.221:WARNING:pe_image_reader.cc(302)] could not read dos header from C:\Windows\SYSTEM32\WINMM.dll
[0722/231539.221:ERROR:process_reader_win.cc(242)] ReadMemory at 0x7f8c0f20000 of 64 bytes failed: 僅完成部分的 ReadProcessMemory 或 WriteProcessMemory 要求。 (0x12B)
[0722/231539.221:WARNING:pe_image_reader.cc(302)] could not read dos header from C:\Windows\system32\USERENV.dll
[0722/231539.221:ERROR:process_reader_win.cc(242)] ReadMemory at 0x7f8b8aa0000 of 64 bytes failed: 僅完成部分的 ReadProcessMemory 或 WriteProcessMemory 要求。 (0x12B)
[0722/231539.221:WARNING:pe_image_reader.cc(302)] could not read dos header from C:\Windows\SYSTEM32\WINHTTP.dll
[0722/231539.221:ERROR:process_reader_win.cc(242)] ReadMemory at 0x7f8c3b10000 of 64 bytes failed: 僅完成部分的 ReadProcessMemory 或 WriteProcessMemory 要求。 (0x12B)
[0722/231539.221:WARNING:pe_image_reader.cc(302)] could not read dos header from C:\Windows\system32\msvcrt.dll
[0722/231539.221:ERROR:process_reader_win.cc(242)] ReadMemory at 0x7f8c3a00000 of 64 bytes failed: 僅完成部分的 ReadProcessMemory 或 WriteProcessMemory 要求。 (0x12B)
[0722/231539.221:WARNING:pe_image_reader.cc(302)] could not read dos header from C:\Windows\SYSTEM32\sechost.dll
[0722/231539.221:ERROR:process_reader_win.cc(242)] ReadMemory at 0x7f8c38b0000 of 64 bytes failed: 僅完成部分的 ReadProcessMemory 或 WriteProcessMemory 要求。 (0x12B)
[0722/231539.221:WARNING:pe_image_reader.cc(302)] could not read dos header from C:\Windows\system32\RPCRT4.dll
[0722/231539.221:ERROR:process_reader_win.cc(242)] ReadMemory at 0x7f8c29e0000 of 64 bytes failed: 僅完成部分的 ReadProcessMemory 或 WriteProcessMemory 要求。 (0x12B)
[0722/231539.221:WARNING:pe_image_reader.cc(302)] could not read dos header from C:\Windows\SYSTEM32\combase.dll
[0722/231539.221:ERROR:process_reader_win.cc(242)] ReadMemory at 0x942930000 of 64 bytes failed: 僅完成部分的 ReadProcessMemory 或 WriteProcessMemory 要求。 (0x12B)
[0722/231539.221:WARNING:pe_image_reader.cc(302)] could not read dos header from C:\Windows\system32\GDI32.dll
[0722/231539.221:ERROR:process_reader_win.cc(242)] ReadMemory at 0x7f8bdc90000 of 64 bytes failed: 僅完成部分的 ReadProcessMemory 或 WriteProcessMemory 要求。 (0x12B)
[0722/231539.221:WARNING:pe_image_reader.cc(302)] could not read dos header from C:\Windows\SYSTEM32\WINMMBASE.dll
[0722/231539.221:ERROR:process_reader_win.cc(242)] ReadMemory at 0x7f8c0b90000 of 64 bytes failed: 僅完成部分的 ReadProcessMemory 或 WriteProcessMemory 要求。 (0x12B)
[0722/231539.221:WARNING:pe_image_reader.cc(302)] could not read dos header from C:\Windows\system32\profapi.dll
[0722/231539.221:ERROR:process_reader_win.cc(242)] ReadMemory at 0x7f8c0ed0000 of 64 bytes failed: 僅完成部分的 ReadProcessMemory 或 WriteProcessMemory 要求。 (0x12B)
[0722/231539.221:WARNING:pe_image_reader.cc(302)] could not read dos header from C:\Windows\SYSTEM32\cfgmgr32.dll
[0722/231539.221:ERROR:process_reader_win.cc(242)] ReadMemory at 0x7f8c0bb0000 of 64 bytes failed: 僅完成部分的 ReadProcessMemory 或 WriteProcessMemory 要求。 (0x12B)
[0722/231539.221:WARNING:pe_image_reader.cc(302)] could not read dos header from C:\Windows\system32\DEVOBJ.dll
[0722/231539.221:ERROR:process_reader_win.cc(242)] ReadMemory at 0x7f8c3870000 of 64 bytes failed: 僅完成部分的 ReadProcessMemory 或 WriteProcessMemory 要求。 (0x12B)
[0722/231539.221:WARNING:pe_image_reader.cc(302)] could not read dos header from C:\Windows\system32\IMM32.DLL
[0722/231539.221:ERROR:process_reader_win.cc(242)] ReadMemory at 0x7f8c33e0000 of 64 bytes failed: 僅完成部分的 ReadProcessMemory 或 WriteProcessMemory 要求。 (0x12B)
[0722/231539.221:WARNING:pe_image_reader.cc(302)] could not read dos header from C:\Windows\system32\MSCTF.dll
[0722/231539.221:ERROR:process_reader_win.cc(242)] ReadMemory at 0x7f8bfce0000 of 64 bytes failed: 僅完成部分的 ReadProcessMemory 或 WriteProcessMemory 要求。 (0x12B)
[0722/231539.221:WARNING:pe_image_reader.cc(302)] could not read dos header from C:\Windows\SYSTEM32\shcore.dll
[0722/231539.222:ERROR:process_reader_win.cc(242)] ReadMemory at 0x7f890a60000 of 64 bytes failed: 僅完成部分的 ReadProcessMemory 或 WriteProcessMemory 要求。 (0x12B)
[0722/231539.222:WARNING:pe_image_reader.cc(302)] could not read dos header from C:\Program Files (x86)\Google\Chrome\Application\67.0.3396.99\chrome_child.dll
[0722/231539.222:ERROR:process_reader_win.cc(242)] ReadMemory at 0x7f8c3a60000 of 64 bytes failed: 僅完成部分的 ReadProcessMemory 或 WriteProcessMemory 要求。 (0x12B)
[0722/231539.222:WARNING:pe_image_reader.cc(302)] could not read dos header from C:\Windows\system32\COMDLG32.dll
[0722/231539.222:ERROR:process_reader_win.cc(242)] ReadMemory at 0x7f8c12c0000 of 64 bytes failed: 僅完成部分的 ReadProcessMemory 或 WriteProcessMemory 要求。 (0x12B)
[0722/231539.222:WARNING:pe_image_reader.cc(302)] could not read dos header from C:\Windows\system32\OLEAUT32.dll
[0722/231539.222:ERROR:process_reader_win.cc(242)] ReadMemory at 0x7f8c1040000 of 64 bytes failed: 僅完成部分的 ReadProcessMemory 或 WriteProcessMemory 要求。 (0x12B)
[0722/231539.222:WARNING:pe_image_reader.cc(302)] could not read dos header from C:\Windows\system32\WS2_32.dll
[0722/231539.222:ERROR:process_reader_win.cc(242)] ReadMemory at 0x7f8c2800000 of 64 bytes failed: 僅完成部分的 ReadProcessMemory 或 WriteProcessMemory 要求。 (0x12B)
[0722/231539.222:WARNING:pe_image_reader.cc(302)] could not read dos header from C:\Windows\system32\ole32.dll
[0722/231539.222:ERROR:process_reader_win.cc(242)] ReadMemory at 0x7f8beb00000 of 64 bytes failed: 僅完成部分的 ReadProcessMemory 或 WriteProcessMemory 要求。 (0x12B)
[0722/231539.222:WARNING:pe_image_reader.cc(302)] could not read dos header from C:\Windows\SYSTEM32\Secur32.dll
[0722/231539.222:ERROR:process_reader_win.cc(242)] ReadMemory at 0x7f8c0be0000 of 64 bytes failed: 僅完成部分的 ReadProcessMemory 或 WriteProcessMemory 要求。 (0x12B)
[0722/231539.222:WARNING:pe_image_reader.cc(302)] could not read dos header from C:\Windows\system32\WINTRUST.dll
[0722/231539.222:ERROR:process_reader_win.cc(242)] ReadMemory at 0x7f8b9300000 of 64 bytes failed: 僅完成部分的 ReadProcessMemory 或 WriteProcessMemory 要求。 (0x12B)
[0722/231539.222:WARNING:pe_image_reader.cc(302)] could not read dos header from C:\Windows\SYSTEM32\dbghelp.dll
[0722/231539.222:ERROR:process_reader_win.cc(242)] ReadMemory at 0x7f8b56b0000 of 64 bytes failed: 僅完成部分的 ReadProcessMemory 或 WriteProcessMemory 要求。 (0x12B)
[0722/231539.222:WARNING:pe_image_reader.cc(302)] could not read dos header from C:\Windows\SYSTEM32\USP10.dll
[0722/231539.222:ERROR:process_reader_win.cc(242)] ReadMemory at 0x7f8be990000 of 64 bytes failed: 僅完成部分的 ReadProcessMemory 或 WriteProcessMemory 要求。 (0x12B)
[0722/231539.222:WARNING:pe_image_reader.cc(302)] could not read dos header from C:\Windows\SYSTEM32\WINSPOOL.DRV
[0722/231539.222:ERROR:process_reader_win.cc(242)] ReadMemory at 0x7f8c0cf0000 of 64 bytes failed: 僅完成部分的 ReadProcessMemory 或 WriteProcessMemory 要求。 (0x12B)
[0722/231539.222:WARNING:pe_image_reader.cc(302)] could not read dos header from C:\Windows\system32\CRYPT32.dll
[0722/231539.222:ERROR:process_reader_win.cc(242)] ReadMemory at 0x7f8bc6c0000 of 64 bytes failed: 僅完成部分的 ReadProcessMemory 或 WriteProcessMemory 要求。 (0x12B)
[0722/231539.222:WARNING:pe_image_reader.cc(302)] could not read dos header from C:\Windows\SYSTEM32\IPHLPAPI.DLL
[0722/231539.222:ERROR:process_reader_win.cc(242)] ReadMemory at 0x7f8c2690000 of 64 bytes failed: 僅完成部分的 ReadProcessMemory 或 WriteProcessMemory 要求。 (0x12B)
[0722/231539.222:WARNING:pe_image_reader.cc(302)] could not read dos header from C:\Windows\system32\urlmon.dll
[0722/231539.222:ERROR:process_reader_win.cc(242)] ReadMemory at 0x7f8bbac0000 of 64 bytes failed: 僅完成部分的 ReadProcessMemory 或 WriteProcessMemory 要求。 (0x12B)
[0722/231539.222:WARNING:pe_image_reader.cc(302)] could not read dos header from C:\Windows\SYSTEM32\DWrite.dll
[0722/231539.222:ERROR:process_reader_win.cc(242)] ReadMemory at 0x7f8bdbb0000 of 64 bytes failed: 僅完成部分的 ReadProcessMemory 或 WriteProcessMemory 要求。 (0x12B)
[0722/231539.222:WARNING:pe_image_reader.cc(302)] could not read dos header from C:\Windows\SYSTEM32\dxgi.dll
[0722/231539.222:ERROR:process_reader_win.cc(242)] ReadMemory at 0x7f8bc200000 of 64 bytes failed: 僅完成部分的 ReadProcessMemory 或 WriteProcessMemory 要求。 (0x12B)
[0722/231539.222:WARNING:pe_image_reader.cc(302)] could not read dos header from C:\Windows\SYSTEM32\dhcpcsvc.DLL
[0722/231539.222:ERROR:process_reader_win.cc(242)] ReadMemory at 0x7f8be010000 of 64 bytes failed: 僅完成部分的 ReadProcessMemory 或 WriteProcessMemory 要求。 (0x12B)
[0722/231539.222:WARNING:pe_image_reader.cc(302)] could not read dos header from C:\Windows\WinSxS\amd64_microsoft.windows.common-controls_6595b64144ccf1df_6.0.9200.17359_none_4188b989718cf1c6\COMCTL32.dll
[0722/231539.222:ERROR:process_reader_win.cc(242)] ReadMemory at 0x7f8c3c60000 of 64 bytes failed: 僅完成部分的 ReadProcessMemory 或 WriteProcessMemory 要求。 (0x12B)
[0722/231539.222:WARNING:pe_image_reader.cc(302)] could not read dos header from C:\Windows\system32\NSI.dll
[0722/231539.222:ERROR:process_reader_win.cc(242)] ReadMemory at 0x7f8c0b70000 of 64 bytes failed: 僅完成部分的 ReadProcessMemory 或 WriteProcessMemory 要求。 (0x12B)
[0722/231539.222:WARNING:pe_image_reader.cc(302)] could not read dos header from C:\Windows\system32\MSASN1.dll
[0722/231539.222:ERROR:process_reader_win.cc(242)] ReadMemory at 0x7f8bc690000 of 64 bytes failed: 僅完成部分的 ReadProcessMemory 或 WriteProcessMemory 要求。 (0x12B)
[0722/231539.222:WARNING:pe_image_reader.cc(302)] could not read dos header from C:\Windows\SYSTEM32\WINNSI.DLL
[0722/231539.222:ERROR:process_reader_win.cc(242)] ReadMemory at 0x7f8c35e0000 of 64 bytes failed: 僅完成部分的 ReadProcessMemory 或 WriteProcessMemory 要求。 (0x12B)
[0722/231539.222:WARNING:pe_image_reader.cc(302)] could not read dos header from C:\Windows\system32\iertutil.dll
[0722/231539.222:ERROR:process_reader_win.cc(242)] ReadMemory at 0x7f8c2f10000 of 64 bytes failed: 僅完成部分的 ReadProcessMemory 或 WriteProcessMemory 要求。 (0x12B)
[0722/231539.222:WARNING:pe_image_reader.cc(302)] could not read dos header from C:\Windows\system32\WININET.dll
[0722/231539.222:ERROR:process_reader_win.cc(242)] ReadMemory at 0x7f8c0970000 of 64 bytes failed: 僅完成部分的 ReadProcessMemory 或 WriteProcessMemory 要求。 (0x12B)
[0722/231539.222:WARNING:pe_image_reader.cc(302)] could not read dos header from C:\Windows\SYSTEM32\SSPICLI.DLL
[0722/231539.222:ERROR:process_reader_win.cc(242)] ReadMemory at 0x7f8c0a00000 of 64 bytes failed: 僅完成部分的 ReadProcessMemory 或 WriteProcessMemory 要求。 (0x12B)
[0722/231539.222:WARNING:pe_image_reader.cc(302)] could not read dos header from C:\Windows\SYSTEM32\cryptbase.dll
[0722/231539.222:ERROR:process_reader_win.cc(242)] ReadMemory at 0x7f8c09a0000 of 64 bytes failed: 僅完成部分的 ReadProcessMemory 或 WriteProcessMemory 要求。 (0x12B)
[0722/231539.222:WARNING:pe_image_reader.cc(302)] could not read dos header from C:\Windows\SYSTEM32\bcryptPrimitives.dll
[0722/231539.222:ERROR:process_reader_win.cc(242)] ReadMemory at 0x7f63bbf0000 of 64 bytes failed: 僅完成部分的 ReadProcessMemory 或 WriteProcessMemory 要求。 (0x12B)
[0722/231539.222:WARNING:pe_image_reader.cc(302)] could not read dos header from C:\Program Files (x86)\Google\Chrome\Application\chrome.exe
[0722/231539.222:ERROR:process_reader_win.cc(242)] ReadMemory at 0x7f63bbf0000 of 64 bytes failed: 僅完成部分的 ReadProcessMemory 或 WriteProcessMemory 要求。 (0x12B)
[0722/231539.222:WARNING:pe_image_reader.cc(302)] could not read dos header from C:\Program Files (x86)\Google\Chrome\Application\chrome.exe
[0722/231539.222:ERROR:process_reader_win.cc(242)] ReadMemory at 0x7f8c3c70000 of 64 bytes failed: 僅完成部分的 ReadProcessMemory 或 WriteProcessMemory 要求。 (0x12B)
[0722/231539.222:WARNING:pe_image_reader.cc(302)] could not read dos header from C:\Windows\SYSTEM32\ntdll.dll
[0722/231539.222:ERROR:process_reader_win.cc(242)] ReadMemory at 0x7f8c3c70000 of 64 bytes failed: 僅完成部分的 ReadProcessMemory 或 WriteProcessMemory 要求。 (0x12B)
[0722/231539.222:WARNING:pe_image_reader.cc(302)] could not read dos header from C:\Windows\SYSTEM32\ntdll.dll
[0722/231539.222:ERROR:process_reader_win.cc(242)] ReadMemory at 0x7f8c2c30000 of 64 bytes failed: 僅完成部分的 ReadProcessMemory 或 WriteProcessMemory 要求。 (0x12B)
[0722/231539.222:WARNING:pe_image_reader.cc(302)] could not read dos header from C:\Windows\system32\KERNEL32.DLL
[0722/231539.222:ERROR:process_reader_win.cc(242)] ReadMemory at 0x7f8c2c30000 of 64 bytes failed: 僅完成部分的 ReadProcessMemory 或 WriteProcessMemory 要求。 (0x12B)
[0722/231539.222:WARNING:pe_image_reader.cc(302)] could not read dos header from C:\Windows\system32\KERNEL32.DLL
[0722/231539.222:ERROR:process_reader_win.cc(242)] ReadMemory at 0x7f8c0f40000 of 64 bytes failed: 僅完成部分的 ReadProcessMemory 或 WriteProcessMemory 要求。 (0x12B)
[0722/231539.223:WARNING:pe_image_reader.cc(302)] could not read dos header from C:\Windows\system32\KERNELBASE.dll
[0722/231539.223:ERROR:process_reader_win.cc(242)] ReadMemory at 0x7f8c0f40000 of 64 bytes failed: 僅完成部分的 ReadProcessMemory 或 WriteProcessMemory 要求。 (0x12B)
[0722/231539.223:WARNING:pe_image_reader.cc(302)] could not read dos header from C:\Windows\system32\KERNELBASE.dll
[0722/231539.223:ERROR:process_reader_win.cc(242)] ReadMemory at 0x7f8a02c0000 of 64 bytes failed: 僅完成部分的 ReadProcessMemory 或 WriteProcessMemory 要求。 (0x12B)
[0722/231539.223:WARNING:pe_image_reader.cc(302)] could not read dos header from C:\Program Files (x86)\Google\Chrome\Application\67.0.3396.99\chrome_elf.dll
[0722/231539.223:ERROR:process_reader_win.cc(242)] ReadMemory at 0x7f8a02c0000 of 64 bytes failed: 僅完成部分的 ReadProcessMemory 或 WriteProcessMemory 要求。 (0x12B)
[0722/231539.223:WARNING:pe_image_reader.cc(302)] could not read dos header from C:\Program Files (x86)\Google\Chrome\Application\67.0.3396.99\chrome_elf.dll
[0722/231539.223:ERROR:process_reader_win.cc(242)] ReadMemory at 0x7f8c3500000 of 64 bytes failed: 僅完成部分的 ReadProcessMemory 或 WriteProcessMemory 要求。 (0x12B)
[0722/231539.223:WARNING:pe_image_reader.cc(302)] could not read dos header from C:\Windows\system32\ADVAPI32.dll
[0722/231539.223:ERROR:process_reader_win.cc(242)] ReadMemory at 0x7f8c3500000 of 64 bytes failed: 僅完成部分的 ReadProcessMemory 或 WriteProcessMemory 要求。 (0x12B)
[0722/231539.223:WARNING:pe_image_reader.cc(302)] could not read dos header from C:\Windows\system32\ADVAPI32.dll
[0722/231539.223:ERROR:process_reader_win.cc(242)] ReadMemory at 0x7f8c2b90000 of 64 bytes failed: 僅完成部分的 ReadProcessMemory 或 WriteProcessMemory 要求。 (0x12B)
[0722/231539.223:WARNING:pe_image_reader.cc(302)] could not read dos header from C:\Windows\system32\PSAPI.DLL
[0722/231539.223:ERROR:process_reader_win.cc(242)] ReadMemory at 0x7f8c2b90000 of 64 bytes failed: 僅完成部分的 ReadProcessMemory 或 WriteProcessMemory 要求。 (0x12B)
[0722/231539.223:WARNING:pe_image_reader.cc(302)] could not read dos header from C:\Windows\system32\PSAPI.DLL
[0722/231539.223:ERROR:process_reader_win.cc(242)] ReadMemory at 0x7f8c13a0000 of 64 bytes failed: 僅完成部分的 ReadProcessMemory 或 WriteProcessMemory 要求。 (0x12B)
[0722/231539.223:WARNING:pe_image_reader.cc(302)] could not read dos header from C:\Windows\system32\SHELL32.dll
[0722/231539.223:ERROR:process_reader_win.cc(242)] ReadMemory at 0x7f8c13a0000 of 64 bytes failed: 僅完成部分的 ReadProcessMemory 或 WriteProcessMemory 要求。 (0x12B)
[0722/231539.223:WARNING:pe_image_reader.cc(302)] could not read dos header from C:\Windows\system32\SHELL32.dll
[0722/231539.223:ERROR:process_reader_win.cc(242)] ReadMemory at 0x7f8c1270000 of 64 bytes failed: 僅完成部分的 ReadProcessMemory 或 WriteProcessMemory 要求。 (0x12B)
[0722/231539.223:WARNING:pe_image_reader.cc(302)] could not read dos header from C:\Windows\system32\SHLWAPI.dll
[0722/231539.223:ERROR:process_reader_win.cc(242)] ReadMemory at 0x7f8c1270000 of 64 bytes failed: 僅完成部分的 ReadProcessMemory 或 WriteProcessMemory 要求。 (0x12B)
[0722/231539.223:WARNING:pe_image_reader.cc(302)] could not read dos header from C:\Windows\system32\SHLWAPI.dll
[0722/231539.223:ERROR:process_reader_win.cc(242)] ReadMemory at 0x7f8c3140000 of 64 bytes failed: 僅完成部分的 ReadProcessMemory 或 WriteProcessMemory 要求。 (0x12B)
[0722/231539.223:WARNING:pe_image_reader.cc(302)] could not read dos header from C:\Windows\system32\USER32.dll
[0722/231539.223:ERROR:process_reader_win.cc(242)] ReadMemory at 0x7f8c3140000 of 64 bytes failed: 僅完成部分的 ReadProcessMemory 或 WriteProcessMemory 要求。 (0x12B)
[0722/231539.223:WARNING:pe_image_reader.cc(302)] could not read dos header from C:\Windows\system32\USER32.dll
[0722/231539.223:ERROR:process_reader_win.cc(242)] ReadMemory at 0x7f8beb60000 of 64 bytes failed: 僅完成部分的 ReadProcessMemory 或 WriteProcessMemory 要求。 (0x12B)
[0722/231539.223:WARNING:pe_image_reader.cc(302)] could not read dos header from C:\Windows\SYSTEM32\VERSION.dll
[0722/231539.223:ERROR:process_reader_win.cc(242)] ReadMemory at 0x7f8beb60000 of 64 bytes failed: 僅完成部分的 ReadProcessMemory 或 WriteProcessMemory 要求。 (0x12B)
[0722/231539.223:WARNING:pe_image_reader.cc(302)] could not read dos header from C:\Windows\SYSTEM32\VERSION.dll
[0722/231539.223:ERROR:process_reader_win.cc(242)] ReadMemory at 0x7f8be970000 of 64 bytes failed: 僅完成部分的 ReadProcessMemory 或 WriteProcessMemory 要求。 (0x12B)
[0722/231539.223:WARNING:pe_image_reader.cc(302)] could not read dos header from C:\Windows\SYSTEM32\WINMM.dll
[0722/231539.223:ERROR:process_reader_win.cc(242)] ReadMemory at 0x7f8be970000 of 64 bytes failed: 僅完成部分的 ReadProcessMemory 或 WriteProcessMemory 要求。 (0x12B)
[0722/231539.223:WARNING:pe_image_reader.cc(302)] could not read dos header from C:\Windows\SYSTEM32\WINMM.dll
[0722/231539.223:ERROR:process_reader_win.cc(242)] ReadMemory at 0x7f8c0f20000 of 64 bytes failed: 僅完成部分的 ReadProcessMemory 或 WriteProcessMemory 要求。 (0x12B)
[0722/231539.223:WARNING:pe_image_reader.cc(302)] could not read dos header from C:\Windows\system32\USERENV.dll
[0722/231539.223:ERROR:process_reader_win.cc(242)] ReadMemory at 0x7f8c0f20000 of 64 bytes failed: 僅完成部分的 ReadProcessMemory 或 WriteProcessMemory 要求。 (0x12B)
[0722/231539.223:WARNING:pe_image_reader.cc(302)] could not read dos header from C:\Windows\system32\USERENV.dll
[0722/231539.223:ERROR:process_reader_win.cc(242)] ReadMemory at 0x7f8b8aa0000 of 64 bytes failed: 僅完成部分的 ReadProcessMemory 或 WriteProcessMemory 要求。 (0x12B)
[0722/231539.223:WARNING:pe_image_reader.cc(302)] could not read dos header from C:\Windows\SYSTEM32\WINHTTP.dll
[0722/231539.223:ERROR:process_reader_win.cc(242)] ReadMemory at 0x7f8b8aa0000 of 64 bytes failed: 僅完成部分的 ReadProcessMemory 或 WriteProcessMemory 要求。 (0x12B)
[0722/231539.223:WARNING:pe_image_reader.cc(302)] could not read dos header from C:\Windows\SYSTEM32\WINHTTP.dll
[0722/231539.223:ERROR:process_reader_win.cc(242)] ReadMemory at 0x7f8c3b10000 of 64 bytes failed: 僅完成部分的 ReadProcessMemory 或 WriteProcessMemory 要求。 (0x12B)
[0722/231539.223:WARNING:pe_image_reader.cc(302)] could not read dos header from C:\Windows\system32\msvcrt.dll
[0722/231539.223:ERROR:process_reader_win.cc(242)] ReadMemory at 0x7f8c3b10000 of 64 bytes failed: 僅完成部分的 ReadProcessMemory 或 WriteProcessMemory 要求。 (0x12B)
[0722/231539.223:WARNING:pe_image_reader.cc(302)] could not read dos header from C:\Windows\system32\msvcrt.dll
[0722/231539.223:ERROR:process_reader_win.cc(242)] ReadMemory at 0x7f8c3a00000 of 64 bytes failed: 僅完成部分的 ReadProcessMemory 或 WriteProcessMemory 要求。 (0x12B)
[0722/231539.223:WARNING:pe_image_reader.cc(302)] could not read dos header from C:\Windows\SYSTEM32\sechost.dll
[0722/231539.223:ERROR:process_reader_win.cc(242)] ReadMemory at 0x7f8c3a00000 of 64 bytes failed: 僅完成部分的 ReadProcessMemory 或 WriteProcessMemory 要求。 (0x12B)
[0722/231539.223:WARNING:pe_image_reader.cc(302)] could not read dos header from C:\Windows\SYSTEM32\sechost.dll
[0722/231539.223:ERROR:process_reader_win.cc(242)] ReadMemory at 0x7f8c38b0000 of 64 bytes failed: 僅完成部分的 ReadProcessMemory 或 WriteProcessMemory 要求。 (0x12B)
[0722/231539.223:WARNING:pe_image_reader.cc(302)] could not read dos header from C:\Windows\system32\RPCRT4.dll
[0722/231539.223:ERROR:process_reader_win.cc(242)] ReadMemory at 0x7f8c38b0000 of 64 bytes failed: 僅完成部分的 ReadProcessMemory 或 WriteProcessMemory 要求。 (0x12B)
[0722/231539.223:WARNING:pe_image_reader.cc(302)] could not read dos header from C:\Windows\system32\RPCRT4.dll
[0722/231539.223:ERROR:process_reader_win.cc(242)] ReadMemory at 0x7f8c29e0000 of 64 bytes failed: 僅完成部分的 ReadProcessMemory 或 WriteProcessMemory 要求。 (0x12B)
[0722/231539.223:WARNING:pe_image_reader.cc(302)] could not read dos header from C:\Windows\SYSTEM32\combase.dll
[0722/231539.223:ERROR:process_reader_win.cc(242)] ReadMemory at 0x7f8c29e0000 of 64 bytes failed: 僅完成部分的 ReadProcessMemory 或 WriteProcessMemory 要求。 (0x12B)
[0722/231539.223:WARNING:pe_image_reader.cc(302)] could not read dos header from C:\Windows\SYSTEM32\combase.dll
[0722/231539.223:ERROR:process_reader_win.cc(242)] ReadMemory at 0x942930000 of 64 bytes failed: 僅完成部分的 ReadProcessMemory 或 WriteProcessMemory 要求。 (0x12B)
[0722/231539.223:WARNING:pe_image_reader.cc(302)] could not read dos header from C:\Windows\system32\GDI32.dll
[0722/231539.223:ERROR:process_reader_win.cc(242)] ReadMemory at 0x942930000 of 64 bytes failed: 僅完成部分的 ReadProcessMemory 或 WriteProcessMemory 要求。 (0x12B)
[0722/231539.223:WARNING:pe_image_reader.cc(302)] could not read dos header from C:\Windows\system32\GDI32.dll
[0722/231539.223:ERROR:process_reader_win.cc(242)] ReadMemory at 0x7f8bdc90000 of 64 bytes failed: 僅完成部分的 ReadProcessMemory 或 WriteProcessMemory 要求。 (0x12B)
[0722/231539.223:WARNING:pe_image_reader.cc(302)] could not read dos header from C:\Windows\SYSTEM32\WINMMBASE.dll
[0722/231539.223:ERROR:process_reader_win.cc(242)] ReadMemory at 0x7f8bdc90000 of 64 bytes failed: 僅完成部分的 ReadProcessMemory 或 WriteProcessMemory 要求。 (0x12B)
[0722/231539.223:WARNING:pe_image_reader.cc(302)] could not read dos header from C:\Windows\SYSTEM32\WINMMBASE.dll
[0722/231539.223:ERROR:process_reader_win.cc(242)] ReadMemory at 0x7f8c0b90000 of 64 bytes failed: 僅完成部分的 ReadProcessMemory 或 WriteProcessMemory 要求。 (0x12B)
[0722/231539.223:WARNING:pe_image_reader.cc(302)] could not read dos header from C:\Windows\system32\profapi.dll
[0722/231539.223:ERROR:process_reader_win.cc(242)] ReadMemory at 0x7f8c0b90000 of 64 bytes failed: 僅完成部分的 ReadProcessMemory 或 WriteProcessMemory 要求。 (0x12B)
[0722/231539.223:WARNING:pe_image_reader.cc(302)] could not read dos header from C:\Windows\system32\profapi.dll
[0722/231539.223:ERROR:process_reader_win.cc(242)] ReadMemory at 0x7f8c0ed0000 of 64 bytes failed: 僅完成部分的 ReadProcessMemory 或 WriteProcessMemory 要求。 (0x12B)
[0722/231539.223:WARNING:pe_image_reader.cc(302)] could not read dos header from C:\Windows\SYSTEM32\cfgmgr32.dll
[0722/231539.223:ERROR:process_reader_win.cc(242)] ReadMemory at 0x7f8c0ed0000 of 64 bytes failed: 僅完成部分的 ReadProcessMemory 或 WriteProcessMemory 要求。 (0x12B)
[0722/231539.224:WARNING:pe_image_reader.cc(302)] could not read dos header from C:\Windows\SYSTEM32\cfgmgr32.dll
[0722/231539.224:ERROR:process_reader_win.cc(242)] ReadMemory at 0x7f8c0bb0000 of 64 bytes failed: 僅完成部分的 ReadProcessMemory 或 WriteProcessMemory 要求。 (0x12B)
[0722/231539.224:WARNING:pe_image_reader.cc(302)] could not read dos header from C:\Windows\system32\DEVOBJ.dll
[0722/231539.224:ERROR:process_reader_win.cc(242)] ReadMemory at 0x7f8c0bb0000 of 64 bytes failed: 僅完成部分的 ReadProcessMemory 或 WriteProcessMemory 要求。 (0x12B)
[0722/231539.224:WARNING:pe_image_reader.cc(302)] could not read dos header from C:\Windows\system32\DEVOBJ.dll
[0722/231539.224:ERROR:process_reader_win.cc(242)] ReadMemory at 0x7f8c3870000 of 64 bytes failed: 僅完成部分的 ReadProcessMemory 或 WriteProcessMemory 要求。 (0x12B)
[0722/231539.224:WARNING:pe_image_reader.cc(302)] could not read dos header from C:\Windows\system32\IMM32.DLL
[0722/231539.224:ERROR:process_reader_win.cc(242)] ReadMemory at 0x7f8c3870000 of 64 bytes failed: 僅完成部分的 ReadProcessMemory 或 WriteProcessMemory 要求。 (0x12B)
[0722/231539.224:WARNING:pe_image_reader.cc(302)] could not read dos header from C:\Windows\system32\IMM32.DLL
[0722/231539.224:ERROR:process_reader_win.cc(242)] ReadMemory at 0x7f8c33e0000 of 64 bytes failed: 僅完成部分的 ReadProcessMemory 或 WriteProcessMemory 要求。 (0x12B)
[0722/231539.224:WARNING:pe_image_reader.cc(302)] could not read dos header from C:\Windows\system32\MSCTF.dll
[0722/231539.224:ERROR:process_reader_win.cc(242)] ReadMemory at 0x7f8c33e0000 of 64 bytes failed: 僅完成部分的 ReadProcessMemory 或 WriteProcessMemory 要求。 (0x12B)
[0722/231539.224:WARNING:pe_image_reader.cc(302)] could not read dos header from C:\Windows\system32\MSCTF.dll
[0722/231539.224:ERROR:process_reader_win.cc(242)] ReadMemory at 0x7f8bfce0000 of 64 bytes failed: 僅完成部分的 ReadProcessMemory 或 WriteProcessMemory 要求。 (0x12B)
[0722/231539.224:WARNING:pe_image_reader.cc(302)] could not read dos header from C:\Windows\SYSTEM32\shcore.dll
[0722/231539.224:ERROR:process_reader_win.cc(242)] ReadMemory at 0x7f8bfce0000 of 64 bytes failed: 僅完成部分的 ReadProcessMemory 或 WriteProcessMemory 要求。 (0x12B)
[0722/231539.224:WARNING:pe_image_reader.cc(302)] could not read dos header from C:\Windows\SYSTEM32\shcore.dll
[0722/231539.224:ERROR:process_reader_win.cc(242)] ReadMemory at 0x7f890a60000 of 64 bytes failed: 僅完成部分的 ReadProcessMemory 或 WriteProcessMemory 要求。 (0x12B)
[0722/231539.224:WARNING:pe_image_reader.cc(302)] could not read dos header from C:\Program Files (x86)\Google\Chrome\Application\67.0.3396.99\chrome_child.dll
[0722/231539.224:ERROR:process_reader_win.cc(242)] ReadMemory at 0x7f890a60000 of 64 bytes failed: 僅完成部分的 ReadProcessMemory 或 WriteProcessMemory 要求。 (0x12B)
[0722/231539.224:WARNING:pe_image_reader.cc(302)] could not read dos header from C:\Program Files (x86)\Google\Chrome\Application\67.0.3396.99\chrome_child.dll
[0722/231539.224:ERROR:process_reader_win.cc(242)] ReadMemory at 0x7f8c3a60000 of 64 bytes failed: 僅完成部分的 ReadProcessMemory 或 WriteProcessMemory 要求。 (0x12B)
[0722/231539.224:WARNING:pe_image_reader.cc(302)] could not read dos header from C:\Windows\system32\COMDLG32.dll
[0722/231539.224:ERROR:process_reader_win.cc(242)] ReadMemory at 0x7f8c3a60000 of 64 bytes failed: 僅完成部分的 ReadProcessMemory 或 WriteProcessMemory 要求。 (0x12B)
[0722/231539.224:WARNING:pe_image_reader.cc(302)] could not read dos header from C:\Windows\system32\COMDLG32.dll
[0722/231539.224:ERROR:process_reader_win.cc(242)] ReadMemory at 0x7f8c12c0000 of 64 bytes failed: 僅完成部分的 ReadProcessMemory 或 WriteProcessMemory 要求。 (0x12B)
[0722/231539.224:WARNING:pe_image_reader.cc(302)] could not read dos header from C:\Windows\system32\OLEAUT32.dll
[0722/231539.224:ERROR:process_reader_win.cc(242)] ReadMemory at 0x7f8c12c0000 of 64 bytes failed: 僅完成部分的 ReadProcessMemory 或 WriteProcessMemory 要求。 (0x12B)
[0722/231539.224:WARNING:pe_image_reader.cc(302)] could not read dos header from C:\Windows\system32\OLEAUT32.dll
[0722/231539.224:ERROR:process_reader_win.cc(242)] ReadMemory at 0x7f8c1040000 of 64 bytes failed: 僅完成部分的 ReadProcessMemory 或 WriteProcessMemory 要求。 (0x12B)
[0722/231539.224:WARNING:pe_image_reader.cc(302)] could not read dos header from C:\Windows\system32\WS2_32.dll
[0722/231539.224:ERROR:process_reader_win.cc(242)] ReadMemory at 0x7f8c1040000 of 64 bytes failed: 僅完成部分的 ReadProcessMemory 或 WriteProcessMemory 要求。 (0x12B)
[0722/231539.224:WARNING:pe_image_reader.cc(302)] could not read dos header from C:\Windows\system32\WS2_32.dll
[0722/231539.224:ERROR:process_reader_win.cc(242)] ReadMemory at 0x7f8c2800000 of 64 bytes failed: 僅完成部分的 ReadProcessMemory 或 WriteProcessMemory 要求。 (0x12B)
[0722/231539.224:WARNING:pe_image_reader.cc(302)] could not read dos header from C:\Windows\system32\ole32.dll
[0722/231539.224:ERROR:process_reader_win.cc(242)] ReadMemory at 0x7f8c2800000 of 64 bytes failed: 僅完成部分的 ReadProcessMemory 或 WriteProcessMemory 要求。 (0x12B)
[0722/231539.224:WARNING:pe_image_reader.cc(302)] could not read dos header from C:\Windows\system32\ole32.dll
[0722/231539.224:ERROR:process_reader_win.cc(242)] ReadMemory at 0x7f8beb00000 of 64 bytes failed: 僅完成部分的 ReadProcessMemory 或 WriteProcessMemory 要求。 (0x12B)
[0722/231539.224:WARNING:pe_image_reader.cc(302)] could not read dos header from C:\Windows\SYSTEM32\Secur32.dll
[0722/231539.224:ERROR:process_reader_win.cc(242)] ReadMemory at 0x7f8beb00000 of 64 bytes failed: 僅完成部分的 ReadProcessMemory 或 WriteProcessMemory 要求。 (0x12B)
[0722/231539.224:WARNING:pe_image_reader.cc(302)] could not read dos header from C:\Windows\SYSTEM32\Secur32.dll
[0722/231539.224:ERROR:process_reader_win.cc(242)] ReadMemory at 0x7f8c0be0000 of 64 bytes failed: 僅完成部分的 ReadProcessMemory 或 WriteProcessMemory 要求。 (0x12B)
[0722/231539.224:WARNING:pe_image_reader.cc(302)] could not read dos header from C:\Windows\system32\WINTRUST.dll
[0722/231539.224:ERROR:process_reader_win.cc(242)] ReadMemory at 0x7f8c0be0000 of 64 bytes failed: 僅完成部分的 ReadProcessMemory 或 WriteProcessMemory 要求。 (0x12B)
[0722/231539.224:WARNING:pe_image_reader.cc(302)] could not read dos header from C:\Windows\system32\WINTRUST.dll
[0722/231539.224:ERROR:process_reader_win.cc(242)] ReadMemory at 0x7f8b9300000 of 64 bytes failed: 僅完成部分的 ReadProcessMemory 或 WriteProcessMemory 要求。 (0x12B)
[0722/231539.224:WARNING:pe_image_reader.cc(302)] could not read dos header from C:\Windows\SYSTEM32\dbghelp.dll
[0722/231539.224:ERROR:process_reader_win.cc(242)] ReadMemory at 0x7f8b9300000 of 64 bytes failed: 僅完成部分的 ReadProcessMemory 或 WriteProcessMemory 要求。 (0x12B)
[0722/231539.224:WARNING:pe_image_reader.cc(302)] could not read dos header from C:\Windows\SYSTEM32\dbghelp.dll
[0722/231539.224:ERROR:process_reader_win.cc(242)] ReadMemory at 0x7f8b56b0000 of 64 bytes failed: 僅完成部分的 ReadProcessMemory 或 WriteProcessMemory 要求。 (0x12B)
[0722/231539.224:WARNING:pe_image_reader.cc(302)] could not read dos header from C:\Windows\SYSTEM32\USP10.dll
[0722/231539.224:ERROR:process_reader_win.cc(242)] ReadMemory at 0x7f8b56b0000 of 64 bytes failed: 僅完成部分的 ReadProcessMemory 或 WriteProcessMemory 要求。 (0x12B)
[0722/231539.224:WARNING:pe_image_reader.cc(302)] could not read dos header from C:\Windows\SYSTEM32\USP10.dll
[0722/231539.224:ERROR:process_reader_win.cc(242)] ReadMemory at 0x7f8be990000 of 64 bytes failed: 僅完成部分的 ReadProcessMemory 或 WriteProcessMemory 要求。 (0x12B)
[0722/231539.224:WARNING:pe_image_reader.cc(302)] could not read dos header from C:\Windows\SYSTEM32\WINSPOOL.DRV
[0722/231539.224:ERROR:process_reader_win.cc(242)] ReadMemory at 0x7f8be990000 of 64 bytes failed: 僅完成部分的 ReadProcessMemory 或 WriteProcessMemory 要求。 (0x12B)
[0722/231539.224:WARNING:pe_image_reader.cc(302)] could not read dos header from C:\Windows\SYSTEM32\WINSPOOL.DRV
[0722/231539.224:ERROR:process_reader_win.cc(242)] ReadMemory at 0x7f8c0cf0000 of 64 bytes failed: 僅完成部分的 ReadProcessMemory 或 WriteProcessMemory 要求。 (0x12B)
[0722/231539.224:WARNING:pe_image_reader.cc(302)] could not read dos header from C:\Windows\system32\CRYPT32.dll
[0722/231539.224:ERROR:process_reader_win.cc(242)] ReadMemory at 0x7f8c0cf0000 of 64 bytes failed: 僅完成部分的 ReadProcessMemory 或 WriteProcessMemory 要求。 (0x12B)
[0722/231539.224:WARNING:pe_image_reader.cc(302)] could not read dos header from C:\Windows\system32\CRYPT32.dll
[0722/231539.224:ERROR:process_reader_win.cc(242)] ReadMemory at 0x7f8bc6c0000 of 64 bytes failed: 僅完成部分的 ReadProcessMemory 或 WriteProcessMemory 要求。 (0x12B)
[0722/231539.224:WARNING:pe_image_reader.cc(302)] could not read dos header from C:\Windows\SYSTEM32\IPHLPAPI.DLL
[0722/231539.224:ERROR:process_reader_win.cc(242)] ReadMemory at 0x7f8bc6c0000 of 64 bytes failed: 僅完成部分的 ReadProcessMemory 或 WriteProcessMemory 要求。 (0x12B)
[0722/231539.224:WARNING:pe_image_reader.cc(302)] could not read dos header from C:\Windows\SYSTEM32\IPHLPAPI.DLL
[0722/231539.224:ERROR:process_reader_win.cc(242)] ReadMemory at 0x7f8c2690000 of 64 bytes failed: 僅完成部分的 ReadProcessMemory 或 WriteProcessMemory 要求。 (0x12B)
[0722/231539.224:WARNING:pe_image_reader.cc(302)] could not read dos header from C:\Windows\system32\urlmon.dll
[0722/231539.224:ERROR:process_reader_win.cc(242)] ReadMemory at 0x7f8c2690000 of 64 bytes failed: 僅完成部分的 ReadProcessMemory 或 WriteProcessMemory 要求。 (0x12B)
[0722/231539.224:WARNING:pe_image_reader.cc(302)] could not read dos header from C:\Windows\system32\urlmon.dll
[0722/231539.224:ERROR:process_reader_win.cc(242)] ReadMemory at 0x7f8bbac0000 of 64 bytes failed: 僅完成部分的 ReadProcessMemory 或 WriteProcessMemory 要求。 (0x12B)
[0722/231539.224:WARNING:pe_image_reader.cc(302)] could not read dos header from C:\Windows\SYSTEM32\DWrite.dll
[0722/231539.224:ERROR:process_reader_win.cc(242)] ReadMemory at 0x7f8bbac0000 of 64 bytes failed: 僅完成部分的 ReadProcessMemory 或 WriteProcessMemory 要求。 (0x12B)
[0722/231539.224:WARNING:pe_image_reader.cc(302)] could not read dos header from C:\Windows\SYSTEM32\DWrite.dll
[0722/231539.224:ERROR:process_reader_win.cc(242)] ReadMemory at 0x7f8bdbb0000 of 64 bytes failed: 僅完成部分的 ReadProcessMemory 或 WriteProcessMemory 要求。 (0x12B)
[0722/231539.225:WARNING:pe_image_reader.cc(302)] could not read dos header from C:\Windows\SYSTEM32\dxgi.dll
[0722/231539.225:ERROR:process_reader_win.cc(242)] ReadMemory at 0x7f8bdbb0000 of 64 bytes failed: 僅完成部分的 ReadProcessMemory 或 WriteProcessMemory 要求。 (0x12B)
[0722/231539.225:WARNING:pe_image_reader.cc(302)] could not read dos header from C:\Windows\SYSTEM32\dxgi.dll
[0722/231539.225:ERROR:process_reader_win.cc(242)] ReadMemory at 0x7f8bc200000 of 64 bytes failed: 僅完成部分的 ReadProcessMemory 或 WriteProcessMemory 要求。 (0x12B)
[0722/231539.225:WARNING:pe_image_reader.cc(302)] could not read dos header from C:\Windows\SYSTEM32\dhcpcsvc.DLL
[0722/231539.225:ERROR:process_reader_win.cc(242)] ReadMemory at 0x7f8bc200000 of 64 bytes failed: 僅完成部分的 ReadProcessMemory 或 WriteProcessMemory 要求。 (0x12B)
[0722/231539.225:WARNING:pe_image_reader.cc(302)] could not read dos header from C:\Windows\SYSTEM32\dhcpcsvc.DLL
[0722/231539.225:ERROR:process_reader_win.cc(242)] ReadMemory at 0x7f8be010000 of 64 bytes failed: 僅完成部分的 ReadProcessMemory 或 WriteProcessMemory 要求。 (0x12B)
[0722/231539.225:WARNING:pe_image_reader.cc(302)] could not read dos header from C:\Windows\WinSxS\amd64_microsoft.windows.common-controls_6595b64144ccf1df_6.0.9200.17359_none_4188b989718cf1c6\COMCTL32.dll
[0722/231539.225:ERROR:process_reader_win.cc(242)] ReadMemory at 0x7f8be010000 of 64 bytes failed: 僅完成部分的 ReadProcessMemory 或 WriteProcessMemory 要求。 (0x12B)
[0722/231539.225:WARNING:pe_image_reader.cc(302)] could not read dos header from C:\Windows\WinSxS\amd64_microsoft.windows.common-controls_6595b64144ccf1df_6.0.9200.17359_none_4188b989718cf1c6\COMCTL32.dll
[0722/231539.225:ERROR:process_reader_win.cc(242)] ReadMemory at 0x7f8c3c60000 of 64 bytes failed: 僅完成部分的 ReadProcessMemory 或 WriteProcessMemory 要求。 (0x12B)
[0722/231539.225:WARNING:pe_image_reader.cc(302)] could not read dos header from C:\Windows\system32\NSI.dll
[0722/231539.225:ERROR:process_reader_win.cc(242)] ReadMemory at 0x7f8c3c60000 of 64 bytes failed: 僅完成部分的 ReadProcessMemory 或 WriteProcessMemory 要求。 (0x12B)
[0722/231539.225:WARNING:pe_image_reader.cc(302)] could not read dos header from C:\Windows\system32\NSI.dll
[0722/231539.225:ERROR:process_reader_win.cc(242)] ReadMemory at 0x7f8c0b70000 of 64 bytes failed: 僅完成部分的 ReadProcessMemory 或 WriteProcessMemory 要求。 (0x12B)
[0722/231539.225:WARNING:pe_image_reader.cc(302)] could not read dos header from C:\Windows\system32\MSASN1.dll
[0722/231539.225:ERROR:process_reader_win.cc(242)] ReadMemory at 0x7f8c0b70000 of 64 bytes failed: 僅完成部分的 ReadProcessMemory 或 WriteProcessMemory 要求。 (0x12B)
[0722/231539.225:WARNING:pe_image_reader.cc(302)] could not read dos header from C:\Windows\system32\MSASN1.dll
[0722/231539.225:ERROR:process_reader_win.cc(242)] ReadMemory at 0x7f8bc690000 of 64 bytes failed: 僅完成部分的 ReadProcessMemory 或 WriteProcessMemory 要求。 (0x12B)
[0722/231539.225:WARNING:pe_image_reader.cc(302)] could not read dos header from C:\Windows\SYSTEM32\WINNSI.DLL
[0722/231539.225:ERROR:process_reader_win.cc(242)] ReadMemory at 0x7f8bc690000 of 64 bytes failed: 僅完成部分的 ReadProcessMemory 或 WriteProcessMemory 要求。 (0x12B)
[0722/231539.225:WARNING:pe_image_reader.cc(302)] could not read dos header from C:\Windows\SYSTEM32\WINNSI.DLL
[0722/231539.225:ERROR:process_reader_win.cc(242)] ReadMemory at 0x7f8c35e0000 of 64 bytes failed: 僅完成部分的 ReadProcessMemory 或 WriteProcessMemory 要求。 (0x12B)
[0722/231539.225:WARNING:pe_image_reader.cc(302)] could not read dos header from C:\Windows\system32\iertutil.dll
[0722/231539.225:ERROR:process_reader_win.cc(242)] ReadMemory at 0x7f8c35e0000 of 64 bytes failed: 僅完成部分的 ReadProcessMemory 或 WriteProcessMemory 要求。 (0x12B)
[0722/231539.225:WARNING:pe_image_reader.cc(302)] could not read dos header from C:\Windows\system32\iertutil.dll
[0722/231539.225:ERROR:process_reader_win.cc(242)] ReadMemory at 0x7f8c2f10000 of 64 bytes failed: 僅完成部分的 ReadProcessMemory 或 WriteProcessMemory 要求。 (0x12B)
[0722/231539.225:WARNING:pe_image_reader.cc(302)] could not read dos header from C:\Windows\system32\WININET.dll
[0722/231539.225:ERROR:process_reader_win.cc(242)] ReadMemory at 0x7f8c2f10000 of 64 bytes failed: 僅完成部分的 ReadProcessMemory 或 WriteProcessMemory 要求。 (0x12B)
[0722/231539.225:WARNING:pe_image_reader.cc(302)] could not read dos header from C:\Windows\system32\WININET.dll
[0722/231539.225:ERROR:process_reader_win.cc(242)] ReadMemory at 0x7f8c0970000 of 64 bytes failed: 僅完成部分的 ReadProcessMemory 或 WriteProcessMemory 要求。 (0x12B)
[0722/231539.225:WARNING:pe_image_reader.cc(302)] could not read dos header from C:\Windows\SYSTEM32\SSPICLI.DLL
[0722/231539.225:ERROR:process_reader_win.cc(242)] ReadMemory at 0x7f8c0970000 of 64 bytes failed: 僅完成部分的 ReadProcessMemory 或 WriteProcessMemory 要求。 (0x12B)
[0722/231539.225:WARNING:pe_image_reader.cc(302)] could not read dos header from C:\Windows\SYSTEM32\SSPICLI.DLL
[0722/231539.225:ERROR:process_reader_win.cc(242)] ReadMemory at 0x7f8c0a00000 of 64 bytes failed: 僅完成部分的 ReadProcessMemory 或 WriteProcessMemory 要求。 (0x12B)
[0722/231539.225:WARNING:pe_image_reader.cc(302)] could not read dos header from C:\Windows\SYSTEM32\cryptbase.dll
[0722/231539.225:ERROR:process_reader_win.cc(242)] ReadMemory at 0x7f8c0a00000 of 64 bytes failed: 僅完成部分的 ReadProcessMemory 或 WriteProcessMemory 要求。 (0x12B)
[0722/231539.225:WARNING:pe_image_reader.cc(302)] could not read dos header from C:\Windows\SYSTEM32\cryptbase.dll
[0722/231539.225:ERROR:process_reader_win.cc(242)] ReadMemory at 0x7f8c09a0000 of 64 bytes failed: 僅完成部分的 ReadProcessMemory 或 WriteProcessMemory 要求。 (0x12B)
[0722/231539.225:WARNING:pe_image_reader.cc(302)] could not read dos header from C:\Windows\SYSTEM32\bcryptPrimitives.dll
[0722/231539.225:ERROR:process_reader_win.cc(242)] ReadMemory at 0x7f8c09a0000 of 64 bytes failed: 僅完成部分的 ReadProcessMemory 或 WriteProcessMemory 要求。 (0x12B)
[0722/231539.225:WARNING:pe_image_reader.cc(302)] could not read dos header from C:\Windows\SYSTEM32\bcryptPrimitives.dll
[0722/231554.541:ERROR:process_reader_win.cc(242)] ReadMemory at 0x7f63bbf0000 of 64 bytes failed: 僅完成部分的 ReadProcessMemory 或 WriteProcessMemory 要求。 (0x12B)
[0722/231554.541:WARNING:pe_image_reader.cc(302)] could not read dos header from C:\Program Files (x86)\Google\Chrome\Application\chrome.exe
[0722/231554.541:ERROR:process_reader_win.cc(242)] ReadMemory at 0x7f8c3c70000 of 64 bytes failed: 僅完成部分的 ReadProcessMemory 或 WriteProcessMemory 要求。 (0x12B)
[0722/231554.541:WARNING:pe_image_reader.cc(302)] could not read dos header from C:\Windows\SYSTEM32\ntdll.dll
[0722/231554.541:ERROR:process_reader_win.cc(242)] ReadMemory at 0x7f8c2c30000 of 64 bytes failed: 僅完成部分的 ReadProcessMemory 或 WriteProcessMemory 要求。 (0x12B)
[0722/231554.541:WARNING:pe_image_reader.cc(302)] could not read dos header from C:\Windows\system32\KERNEL32.DLL
[0722/231554.541:ERROR:process_reader_win.cc(242)] ReadMemory at 0x7f8c0f40000 of 64 bytes failed: 僅完成部分的 ReadProcessMemory 或 WriteProcessMemory 要求。 (0x12B)
[0722/231554.541:WARNING:pe_image_reader.cc(302)] could not read dos header from C:\Windows\system32\KERNELBASE.dll
[0722/231554.541:ERROR:process_reader_win.cc(242)] ReadMemory at 0x7f8a02c0000 of 64 bytes failed: 僅完成部分的 ReadProcessMemory 或 WriteProcessMemory 要求。 (0x12B)
[0722/231554.541:WARNING:pe_image_reader.cc(302)] could not read dos header from C:\Program Files (x86)\Google\Chrome\Application\67.0.3396.99\chrome_elf.dll
[0722/231554.541:ERROR:process_reader_win.cc(242)] ReadMemory at 0x7f8c3500000 of 64 bytes failed: 僅完成部分的 ReadProcessMemory 或 WriteProcessMemory 要求。 (0x12B)
[0722/231554.541:WARNING:pe_image_reader.cc(302)] could not read dos header from C:\Windows\system32\ADVAPI32.dll
[0722/231554.541:ERROR:process_reader_win.cc(242)] ReadMemory at 0x7f8c2b90000 of 64 bytes failed: 僅完成部分的 ReadProcessMemory 或 WriteProcessMemory 要求。 (0x12B)
[0722/231554.541:WARNING:pe_image_reader.cc(302)] could not read dos header from C:\Windows\system32\PSAPI.DLL
[0722/231554.541:ERROR:process_reader_win.cc(242)] ReadMemory at 0x7f8c13a0000 of 64 bytes failed: 僅完成部分的 ReadProcessMemory 或 WriteProcessMemory 要求。 (0x12B)
[0722/231554.541:WARNING:pe_image_reader.cc(302)] could not read dos header from C:\Windows\system32\SHELL32.dll
[0722/231554.541:ERROR:process_reader_win.cc(242)] ReadMemory at 0x7f8c1270000 of 64 bytes failed: 僅完成部分的 ReadProcessMemory 或 WriteProcessMemory 要求。 (0x12B)
[0722/231554.541:WARNING:pe_image_reader.cc(302)] could not read dos header from C:\Windows\system32\SHLWAPI.dll
[0722/231554.541:ERROR:process_reader_win.cc(242)] ReadMemory at 0x7f8c3140000 of 64 bytes failed: 僅完成部分的 ReadProcessMemory 或 WriteProcessMemory 要求。 (0x12B)
[0722/231554.541:WARNING:pe_image_reader.cc(302)] could not read dos header from C:\Windows\system32\USER32.dll
[0722/231554.541:ERROR:process_reader_win.cc(242)] ReadMemory at 0x7f8beb60000 of 64 bytes failed: 僅完成部分的 ReadProcessMemory 或 WriteProcessMemory 要求。 (0x12B)
[0722/231554.541:WARNING:pe_image_reader.cc(302)] could not read dos header from C:\Windows\SYSTEM32\VERSION.dll
[0722/231554.541:ERROR:process_reader_win.cc(242)] ReadMemory at 0x7f8be970000 of 64 bytes failed: 僅完成部分的 ReadProcessMemory 或 WriteProcessMemory 要求。 (0x12B)
[0722/231554.541:WARNING:pe_image_reader.cc(302)] could not read dos header from C:\Windows\SYSTEM32\WINMM.dll
[0722/231554.541:ERROR:process_reader_win.cc(242)] ReadMemory at 0x7f8c0f20000 of 64 bytes failed: 僅完成部分的 ReadProcessMemory 或 WriteProcessMemory 要求。 (0x12B)
[0722/231554.541:WARNING:pe_image_reader.cc(302)] could not read dos header from C:\Windows\system32\USERENV.dll
[0722/231554.541:ERROR:process_reader_win.cc(242)] ReadMemory at 0x7f8b8aa0000 of 64 bytes failed: 僅完成部分的 ReadProcessMemory 或 WriteProcessMemory 要求。 (0x12B)
[0722/231554.541:WARNING:pe_image_reader.cc(302)] could not read dos header from C:\Windows\SYSTEM32\WINHTTP.dll
[0722/231554.541:ERROR:process_reader_win.cc(242)] ReadMemory at 0x7f8c3b10000 of 64 bytes failed: 僅完成部分的 ReadProcessMemory 或 WriteProcessMemory 要求。 (0x12B)
[0722/231554.541:WARNING:pe_image_reader.cc(302)] could not read dos header from C:\Windows\system32\msvcrt.dll
[0722/231554.541:ERROR:process_reader_win.cc(242)] ReadMemory at 0x7f8c3a00000 of 64 bytes failed: 僅完成部分的 ReadProcessMemory 或 WriteProcessMemory 要求。 (0x12B)
[0722/231554.541:WARNING:pe_image_reader.cc(302)] could not read dos header from C:\Windows\SYSTEM32\sechost.dll
[0722/231554.541:ERROR:process_reader_win.cc(242)] ReadMemory at 0x7f8c38b0000 of 64 bytes failed: 僅完成部分的 ReadProcessMemory 或 WriteProcessMemory 要求。 (0x12B)
[0722/231554.541:WARNING:pe_image_reader.cc(302)] could not read dos header from C:\Windows\system32\RPCRT4.dll
[0722/231554.541:ERROR:process_reader_win.cc(242)] ReadMemory at 0x7f8c29e0000 of 64 bytes failed: 僅完成部分的 ReadProcessMemory 或 WriteProcessMemory 要求。 (0x12B)
[0722/231554.541:WARNING:pe_image_reader.cc(302)] could not read dos header from C:\Windows\SYSTEM32\combase.dll
[0722/231554.541:ERROR:process_reader_win.cc(242)] ReadMemory at 0x942930000 of 64 bytes failed: 僅完成部分的 ReadProcessMemory 或 WriteProcessMemory 要求。 (0x12B)
[0722/231554.541:WARNING:pe_image_reader.cc(302)] could not read dos header from C:\Windows\system32\GDI32.dll
[0722/231554.541:ERROR:process_reader_win.cc(242)] ReadMemory at 0x7f8bdc90000 of 64 bytes failed: 僅完成部分的 ReadProcessMemory 或 WriteProcessMemory 要求。 (0x12B)
[0722/231554.541:WARNING:pe_image_reader.cc(302)] could not read dos header from C:\Windows\SYSTEM32\WINMMBASE.dll
[0722/231554.541:ERROR:process_reader_win.cc(242)] ReadMemory at 0x7f8c0b90000 of 64 bytes failed: 僅完成部分的 ReadProcessMemory 或 WriteProcessMemory 要求。 (0x12B)
[0722/231554.541:WARNING:pe_image_reader.cc(302)] could not read dos header from C:\Windows\system32\profapi.dll
[0722/231554.541:ERROR:process_reader_win.cc(242)] ReadMemory at 0x7f8c0ed0000 of 64 bytes failed: 僅完成部分的 ReadProcessMemory 或 WriteProcessMemory 要求。 (0x12B)
[0722/231554.541:WARNING:pe_image_reader.cc(302)] could not read dos header from C:\Windows\SYSTEM32\cfgmgr32.dll
[0722/231554.541:ERROR:process_reader_win.cc(242)] ReadMemory at 0x7f8c0bb0000 of 64 bytes failed: 僅完成部分的 ReadProcessMemory 或 WriteProcessMemory 要求。 (0x12B)
[0722/231554.541:WARNING:pe_image_reader.cc(302)] could not read dos header from C:\Windows\system32\DEVOBJ.dll
[0722/231554.541:ERROR:process_reader_win.cc(242)] ReadMemory at 0x7f8c3870000 of 64 bytes failed: 僅完成部分的 ReadProcessMemory 或 WriteProcessMemory 要求。 (0x12B)
[0722/231554.541:WARNING:pe_image_reader.cc(302)] could not read dos header from C:\Windows\system32\IMM32.DLL
[0722/231554.541:ERROR:process_reader_win.cc(242)] ReadMemory at 0x7f8c33e0000 of 64 bytes failed: 僅完成部分的 ReadProcessMemory 或 WriteProcessMemory 要求。 (0x12B)
[0722/231554.541:WARNING:pe_image_reader.cc(302)] could not read dos header from C:\Windows\system32\MSCTF.dll
[0722/231554.542:ERROR:process_reader_win.cc(242)] ReadMemory at 0x7f8bfce0000 of 64 bytes failed: 僅完成部分的 ReadProcessMemory 或 WriteProcessMemory 要求。 (0x12B)
[0722/231554.542:WARNING:pe_image_reader.cc(302)] could not read dos header from C:\Windows\SYSTEM32\shcore.dll
[0722/231554.542:ERROR:process_reader_win.cc(242)] ReadMemory at 0x7f890a60000 of 64 bytes failed: 僅完成部分的 ReadProcessMemory 或 WriteProcessMemory 要求。 (0x12B)
[0722/231554.542:WARNING:pe_image_reader.cc(302)] could not read dos header from C:\Program Files (x86)\Google\Chrome\Application\67.0.3396.99\chrome_child.dll
[0722/231554.542:ERROR:process_reader_win.cc(242)] ReadMemory at 0x7f8c3a60000 of 64 bytes failed: 僅完成部分的 ReadProcessMemory 或 WriteProcessMemory 要求。 (0x12B)
[0722/231554.542:WARNING:pe_image_reader.cc(302)] could not read dos header from C:\Windows\system32\COMDLG32.dll
[0722/231554.542:ERROR:process_reader_win.cc(242)] ReadMemory at 0x7f8c12c0000 of 64 bytes failed: 僅完成部分的 ReadProcessMemory 或 WriteProcessMemory 要求。 (0x12B)
[0722/231554.542:WARNING:pe_image_reader.cc(302)] could not read dos header from C:\Windows\system32\OLEAUT32.dll
[0722/231554.542:ERROR:process_reader_win.cc(242)] ReadMemory at 0x7f8c1040000 of 64 bytes failed: 僅完成部分的 ReadProcessMemory 或 WriteProcessMemory 要求。 (0x12B)
[0722/231554.542:WARNING:pe_image_reader.cc(302)] could not read dos header from C:\Windows\system32\WS2_32.dll
[0722/231554.542:ERROR:process_reader_win.cc(242)] ReadMemory at 0x7f8c2800000 of 64 bytes failed: 僅完成部分的 ReadProcessMemory 或 WriteProcessMemory 要求。 (0x12B)
[0722/231554.542:WARNING:pe_image_reader.cc(302)] could not read dos header from C:\Windows\system32\ole32.dll
[0722/231554.542:ERROR:process_reader_win.cc(242)] ReadMemory at 0x7f8beb00000 of 64 bytes failed: 僅完成部分的 ReadProcessMemory 或 WriteProcessMemory 要求。 (0x12B)
[0722/231554.542:WARNING:pe_image_reader.cc(302)] could not read dos header from C:\Windows\SYSTEM32\Secur32.dll
[0722/231554.542:ERROR:process_reader_win.cc(242)] ReadMemory at 0x7f8c0be0000 of 64 bytes failed: 僅完成部分的 ReadProcessMemory 或 WriteProcessMemory 要求。 (0x12B)
[0722/231554.542:WARNING:pe_image_reader.cc(302)] could not read dos header from C:\Windows\system32\WINTRUST.dll
[0722/231554.542:ERROR:process_reader_win.cc(242)] ReadMemory at 0x7f8b9300000 of 64 bytes failed: 僅完成部分的 ReadProcessMemory 或 WriteProcessMemory 要求。 (0x12B)
[0722/231554.542:WARNING:pe_image_reader.cc(302)] could not read dos header from C:\Windows\SYSTEM32\dbghelp.dll
[0722/231554.542:ERROR:process_reader_win.cc(242)] ReadMemory at 0x7f8b56b0000 of 64 bytes failed: 僅完成部分的 ReadProcessMemory 或 WriteProcessMemory 要求。 (0x12B)
[0722/231554.542:WARNING:pe_image_reader.cc(302)] could not read dos header from C:\Windows\SYSTEM32\USP10.dll
[0722/231554.542:ERROR:process_reader_win.cc(242)] ReadMemory at 0x7f8be990000 of 64 bytes failed: 僅完成部分的 ReadProcessMemory 或 WriteProcessMemory 要求。 (0x12B)
[0722/231554.542:WARNING:pe_image_reader.cc(302)] could not read dos header from C:\Windows\SYSTEM32\WINSPOOL.DRV
[0722/231554.542:ERROR:process_reader_win.cc(242)] ReadMemory at 0x7f8c0cf0000 of 64 bytes failed: 僅完成部分的 ReadProcessMemory 或 WriteProcessMemory 要求。 (0x12B)
[0722/231554.542:WARNING:pe_image_reader.cc(302)] could not read dos header from C:\Windows\system32\CRYPT32.dll
[0722/231554.542:ERROR:process_reader_win.cc(242)] ReadMemory at 0x7f8bc6c0000 of 64 bytes failed: 僅完成部分的 ReadProcessMemory 或 WriteProcessMemory 要求。 (0x12B)
[0722/231554.542:WARNING:pe_image_reader.cc(302)] could not read dos header from C:\Windows\SYSTEM32\IPHLPAPI.DLL
[0722/231554.542:ERROR:process_reader_win.cc(242)] ReadMemory at 0x7f8c2690000 of 64 bytes failed: 僅完成部分的 ReadProcessMemory 或 WriteProcessMemory 要求。 (0x12B)
[0722/231554.542:WARNING:pe_image_reader.cc(302)] could not read dos header from C:\Windows\system32\urlmon.dll
[0722/231554.542:ERROR:process_reader_win.cc(242)] ReadMemory at 0x7f8bbac0000 of 64 bytes failed: 僅完成部分的 ReadProcessMemory 或 WriteProcessMemory 要求。 (0x12B)
[0722/231554.542:WARNING:pe_image_reader.cc(302)] could not read dos header from C:\Windows\SYSTEM32\DWrite.dll
[0722/231554.542:ERROR:process_reader_win.cc(242)] ReadMemory at 0x7f8bdbb0000 of 64 bytes failed: 僅完成部分的 ReadProcessMemory 或 WriteProcessMemory 要求。 (0x12B)
[0722/231554.542:WARNING:pe_image_reader.cc(302)] could not read dos header from C:\Windows\SYSTEM32\dxgi.dll
[0722/231554.542:ERROR:process_reader_win.cc(242)] ReadMemory at 0x7f8bc200000 of 64 bytes failed: 僅完成部分的 ReadProcessMemory 或 WriteProcessMemory 要求。 (0x12B)
[0722/231554.542:WARNING:pe_image_reader.cc(302)] could not read dos header from C:\Windows\SYSTEM32\dhcpcsvc.DLL
[0722/231554.542:ERROR:process_reader_win.cc(242)] ReadMemory at 0x7f8be010000 of 64 bytes failed: 僅完成部分的 ReadProcessMemory 或 WriteProcessMemory 要求。 (0x12B)
[0722/231554.542:WARNING:pe_image_reader.cc(302)] could not read dos header from C:\Windows\WinSxS\amd64_microsoft.windows.common-controls_6595b64144ccf1df_6.0.9200.17359_none_4188b989718cf1c6\COMCTL32.dll
[0722/231554.542:ERROR:process_reader_win.cc(242)] ReadMemory at 0x7f8c3c60000 of 64 bytes failed: 僅完成部分的 ReadProcessMemory 或 WriteProcessMemory 要求。 (0x12B)
[0722/231554.542:WARNING:pe_image_reader.cc(302)] could not read dos header from C:\Windows\system32\NSI.dll
[0722/231554.542:ERROR:process_reader_win.cc(242)] ReadMemory at 0x7f8c0b70000 of 64 bytes failed: 僅完成部分的 ReadProcessMemory 或 WriteProcessMemory 要求。 (0x12B)
[0722/231554.542:WARNING:pe_image_reader.cc(302)] could not read dos header from C:\Windows\system32\MSASN1.dll
[0722/231554.542:ERROR:process_reader_win.cc(242)] ReadMemory at 0x7f8bc690000 of 64 bytes failed: 僅完成部分的 ReadProcessMemory 或 WriteProcessMemory 要求。 (0x12B)
[0722/231554.542:WARNING:pe_image_reader.cc(302)] could not read dos header from C:\Windows\SYSTEM32\WINNSI.DLL
[0722/231554.542:ERROR:process_reader_win.cc(242)] ReadMemory at 0x7f8c35e0000 of 64 bytes failed: 僅完成部分的 ReadProcessMemory 或 WriteProcessMemory 要求。 (0x12B)
[0722/231554.542:WARNING:pe_image_reader.cc(302)] could not read dos header from C:\Windows\system32\iertutil.dll
[0722/231554.542:ERROR:process_reader_win.cc(242)] ReadMemory at 0x7f8c2f10000 of 64 bytes failed: 僅完成部分的 ReadProcessMemory 或 WriteProcessMemory 要求。 (0x12B)
[0722/231554.542:WARNING:pe_image_reader.cc(302)] could not read dos header from C:\Windows\system32\WININET.dll
[0722/231554.542:ERROR:process_reader_win.cc(242)] ReadMemory at 0x7f8c0970000 of 64 bytes failed: 僅完成部分的 ReadProcessMemory 或 WriteProcessMemory 要求。 (0x12B)
[0722/231554.542:WARNING:pe_image_reader.cc(302)] could not read dos header from C:\Windows\SYSTEM32\SSPICLI.DLL
[0722/231554.542:ERROR:process_reader_win.cc(242)] ReadMemory at 0x7f8c0a00000 of 64 bytes failed: 僅完成部分的 ReadProcessMemory 或 WriteProcessMemory 要求。 (0x12B)
[0722/231554.542:WARNING:pe_image_reader.cc(302)] could not read dos header from C:\Windows\SYSTEM32\cryptbase.dll
[0722/231554.542:ERROR:process_reader_win.cc(242)] ReadMemory at 0x7f8c09a0000 of 64 bytes failed: 僅完成部分的 ReadProcessMemory 或 WriteProcessMemory 要求。 (0x12B)
[0722/231554.542:WARNING:pe_image_reader.cc(302)] could not read dos header from C:\Windows\SYSTEM32\bcryptPrimitives.dll
[0722/231554.941:ERROR:process_reader_win.cc(242)] ReadMemory at 0x94244d000 of 77824 bytes failed: 僅完成部分的 ReadProcessMemory 或 WriteProcessMemory 要求。 (0x12B)
[0722/231554.941:ERROR:crash_report_exception_handler.cc(111)] WriteEverything failed
[0722/231554.942:ERROR:filesystem_win.cc(148)] DeleteFile C:\Users\kemus\AppData\Local\Google\Chrome\User Data\Crashpad\reports\8f805549-c863-497f-ac29-136796eb2f53.dmp: 程序無法存取檔案，因為檔案正由另一個程序使用。 (0x20)
[0722/231554.943:ERROR:scoped_process_suspend.cc(40)] NtResumeProcess: 嘗試存取現有的處理程序。 (0xc000010a)
